ARM GAS  C:\Users\divya\AppData\Local\Temp\ccSvs106.s 			page 1


   1              		.syntax unified
   2              		.cpu cortex-m3
   3              		.fpu softvfp
   4              		.eabi_attribute 20, 1
   5              		.eabi_attribute 21, 1
   6              		.eabi_attribute 23, 3
   7              		.eabi_attribute 24, 1
   8              		.eabi_attribute 25, 1
   9              		.eabi_attribute 26, 1
  10              		.eabi_attribute 30, 1
  11              		.eabi_attribute 34, 1
  12              		.eabi_attribute 18, 4
  13              		.thumb
  14              		.syntax unified
  15              		.file	"cymetadata.c"
  16              		.text
  17              	.Ltext0:
  18              		.cfi_sections	.debug_frame
  19              		.global	cy_metadata
  20              		.global	cy_meta_flashprotect
  21              		.global	cy_meta_wonvl
  22              		.global	cy_meta_custnvl
  23              		.global	cy_meta_configecc
  24              		.section	.cyconfigecc,"a",%progbits
  25              		.align	2
  26              		.type	cy_meta_configecc, %object
  27              		.size	cy_meta_configecc, 812
  28              	cy_meta_configecc:
  29 0000 03       		.byte	3
  30 0001 4F       		.byte	79
  31 0002 00       		.byte	0
  32 0003 40       		.byte	64
  33 0004 03       		.byte	3
  34 0005 65       		.byte	101
  35 0006 00       		.byte	0
  36 0007 40       		.byte	64
  37 0008 01       		.byte	1
  38 0009 15       		.byte	21
  39 000a 01       		.byte	1
  40 000b 40       		.byte	64
  41 000c 03       		.byte	3
  42 000d 16       		.byte	22
  43 000e 01       		.byte	1
  44 000f 40       		.byte	64
  45 0010 02       		.byte	2
  46 0011 17       		.byte	23
  47 0012 01       		.byte	1
  48 0013 40       		.byte	64
  49 0014 5A       		.byte	90
  50 0015 18       		.byte	24
  51 0016 01       		.byte	1
  52 0017 40       		.byte	64
  53 0018 38       		.byte	56
  54 0019 19       		.byte	25
  55 001a 01       		.byte	1
  56 001b 40       		.byte	64
  57 001c 6B       		.byte	107
ARM GAS  C:\Users\divya\AppData\Local\Temp\ccSvs106.s 			page 2


  58 001d 1A       		.byte	26
  59 001e 01       		.byte	1
  60 001f 40       		.byte	64
  61 0020 44       		.byte	68
  62 0021 1B       		.byte	27
  63 0022 01       		.byte	1
  64 0023 40       		.byte	64
  65 0024 06       		.byte	6
  66 0025 42       		.byte	66
  67 0026 01       		.byte	1
  68 0027 40       		.byte	64
  69 0028 06       		.byte	6
  70 0029 48       		.byte	72
  71 002a 01       		.byte	1
  72 002b 40       		.byte	64
  73 002c 02       		.byte	2
  74 002d 49       		.byte	73
  75 002e 01       		.byte	1
  76 002f 40       		.byte	64
  77 0030 07       		.byte	7
  78 0031 4D       		.byte	77
  79 0032 01       		.byte	1
  80 0033 40       		.byte	64
  81 0034 02       		.byte	2
  82 0035 50       		.byte	80
  83 0036 01       		.byte	1
  84 0037 40       		.byte	64
  85 0038 01       		.byte	1
  86 0039 10       		.byte	16
  87 003a 0A       		.byte	10
  88 003b 36       		.byte	54
  89 003c 16       		.byte	22
  90 003d 36       		.byte	54
  91 003e 88       		.byte	-120
  92 003f 72       		.byte	114
  93 0040 89       		.byte	-119
  94 0041 38       		.byte	56
  95 0042 8A       		.byte	-118
  96 0043 0F       		.byte	15
  97 0044 AF       		.byte	-81
  98 0045 10       		.byte	16
  99 0046 3E       		.byte	62
 100 0047 11       		.byte	17
 101 0048 58       		.byte	88
 102 0049 04       		.byte	4
 103 004a 5F       		.byte	95
 104 004b 01       		.byte	1
 105 004c 1F       		.byte	31
 106 004d 12       		.byte	18
 107 004e 83       		.byte	-125
 108 004f 02       		.byte	2
 109 0050 00       		.byte	0
 110 0051 03       		.byte	3
 111 0052 01       		.byte	1
 112 0053 1C       		.byte	28
 113 0054 03       		.byte	3
 114 0055 E1       		.byte	-31
ARM GAS  C:\Users\divya\AppData\Local\Temp\ccSvs106.s 			page 3


 115 0056 04       		.byte	4
 116 0057 7F       		.byte	127
 117 0058 05       		.byte	5
 118 0059 08       		.byte	8
 119 005a 08       		.byte	8
 120 005b 02       		.byte	2
 121 005c 09       		.byte	9
 122 005d 18       		.byte	24
 123 005e 0D       		.byte	13
 124 005f C0       		.byte	-64
 125 0060 11       		.byte	17
 126 0061 10       		.byte	16
 127 0062 12       		.byte	18
 128 0063 23       		.byte	35
 129 0064 14       		.byte	20
 130 0065 1C       		.byte	28
 131 0066 15       		.byte	21
 132 0067 FF       		.byte	-1
 133 0068 16       		.byte	22
 134 0069 63       		.byte	99
 135 006a 18       		.byte	24
 136 006b 73       		.byte	115
 137 006c 1A       		.byte	26
 138 006d 0C       		.byte	12
 139 006e 1B       		.byte	27
 140 006f 04       		.byte	4
 141 0070 1C       		.byte	28
 142 0071 1F       		.byte	31
 143 0072 1D       		.byte	29
 144 0073 3C       		.byte	60
 145 0074 1E       		.byte	30
 146 0075 60       		.byte	96
 147 0076 1F       		.byte	31
 148 0077 C2       		.byte	-62
 149 0078 20       		.byte	32
 150 0079 08       		.byte	8
 151 007a 21       		.byte	33
 152 007b 44       		.byte	68
 153 007c 24       		.byte	36
 154 007d 04       		.byte	4
 155 007e 25       		.byte	37
 156 007f E7       		.byte	-25
 157 0080 27       		.byte	39
 158 0081 18       		.byte	24
 159 0082 28       		.byte	40
 160 0083 0C       		.byte	12
 161 0084 29       		.byte	41
 162 0085 80       		.byte	-128
 163 0086 2C       		.byte	44
 164 0087 01       		.byte	1
 165 0088 2F       		.byte	47
 166 0089 E3       		.byte	-29
 167 008a 30       		.byte	48
 168 008b 40       		.byte	64
 169 008c 31       		.byte	49
 170 008d 38       		.byte	56
 171 008e 32       		.byte	50
ARM GAS  C:\Users\divya\AppData\Local\Temp\ccSvs106.s 			page 4


 172 008f 10       		.byte	16
 173 0090 33       		.byte	51
 174 0091 1F       		.byte	31
 175 0092 34       		.byte	52
 176 0093 0F       		.byte	15
 177 0094 36       		.byte	54
 178 0095 2C       		.byte	44
 179 0096 37       		.byte	55
 180 0097 C0       		.byte	-64
 181 0098 38       		.byte	56
 182 0099 02       		.byte	2
 183 009a 3A       		.byte	58
 184 009b A0       		.byte	-96
 185 009c 3B       		.byte	59
 186 009d 08       		.byte	8
 187 009e 3E       		.byte	62
 188 009f 04       		.byte	4
 189 00a0 56       		.byte	86
 190 00a1 02       		.byte	2
 191 00a2 57       		.byte	87
 192 00a3 11       		.byte	17
 193 00a4 58       		.byte	88
 194 00a5 04       		.byte	4
 195 00a6 59       		.byte	89
 196 00a7 04       		.byte	4
 197 00a8 5B       		.byte	91
 198 00a9 04       		.byte	4
 199 00aa 5C       		.byte	92
 200 00ab 22       		.byte	34
 201 00ac 5D       		.byte	93
 202 00ad 20       		.byte	32
 203 00ae 5F       		.byte	95
 204 00af 01       		.byte	1
 205 00b0 8A       		.byte	-118
 206 00b1 0C       		.byte	12
 207 00b2 8C       		.byte	-116
 208 00b3 71       		.byte	113
 209 00b4 8E       		.byte	-114
 210 00b5 06       		.byte	6
 211 00b6 8F       		.byte	-113
 212 00b7 01       		.byte	1
 213 00b8 90       		.byte	-112
 214 00b9 2C       		.byte	44
 215 00ba 92       		.byte	-110
 216 00bb 43       		.byte	67
 217 00bc 9C       		.byte	-100
 218 00bd 71       		.byte	113
 219 00be 9E       		.byte	-98
 220 00bf 0E       		.byte	14
 221 00c0 A2       		.byte	-94
 222 00c1 08       		.byte	8
 223 00c2 A8       		.byte	-88
 224 00c3 80       		.byte	-128
 225 00c4 AA       		.byte	-86
 226 00c5 13       		.byte	19
 227 00c6 AF       		.byte	-81
 228 00c7 01       		.byte	1
ARM GAS  C:\Users\divya\AppData\Local\Temp\ccSvs106.s 			page 5


 229 00c8 B0       		.byte	-80
 230 00c9 0F       		.byte	15
 231 00ca B2       		.byte	-78
 232 00cb C0       		.byte	-64
 233 00cc B4       		.byte	-76
 234 00cd 30       		.byte	48
 235 00ce B7       		.byte	-73
 236 00cf 01       		.byte	1
 237 00d0 B8       		.byte	-72
 238 00d1 28       		.byte	40
 239 00d2 BA       		.byte	-70
 240 00d3 02       		.byte	2
 241 00d4 BE       		.byte	-66
 242 00d5 10       		.byte	16
 243 00d6 BF       		.byte	-65
 244 00d7 40       		.byte	64
 245 00d8 C0       		.byte	-64
 246 00d9 06       		.byte	6
 247 00da C6       		.byte	-58
 248 00db 04       		.byte	4
 249 00dc C9       		.byte	-55
 250 00dd FF       		.byte	-1
 251 00de CA       		.byte	-54
 252 00df 07       		.byte	7
 253 00e0 CB       		.byte	-53
 254 00e1 FF       		.byte	-1
 255 00e2 CC       		.byte	-52
 256 00e3 40       		.byte	64
 257 00e4 CD       		.byte	-51
 258 00e5 20       		.byte	32
 259 00e6 CE       		.byte	-50
 260 00e7 F0       		.byte	-16
 261 00e8 CF       		.byte	-49
 262 00e9 05       		.byte	5
 263 00ea D0       		.byte	-48
 264 00eb 08       		.byte	8
 265 00ec D4       		.byte	-44
 266 00ed 18       		.byte	24
 267 00ee D8       		.byte	-40
 268 00ef 04       		.byte	4
 269 00f0 D9       		.byte	-39
 270 00f1 04       		.byte	4
 271 00f2 DA       		.byte	-38
 272 00f3 04       		.byte	4
 273 00f4 DB       		.byte	-37
 274 00f5 04       		.byte	4
 275 00f6 DC       		.byte	-36
 276 00f7 02       		.byte	2
 277 00f8 DD       		.byte	-35
 278 00f9 22       		.byte	34
 279 00fa DF       		.byte	-33
 280 00fb 01       		.byte	1
 281 00fc E0       		.byte	-32
 282 00fd 40       		.byte	64
 283 00fe E1       		.byte	-31
 284 00ff A8       		.byte	-88
 285 0100 E2       		.byte	-30
ARM GAS  C:\Users\divya\AppData\Local\Temp\ccSvs106.s 			page 6


 286 0101 40       		.byte	64
 287 0102 E3       		.byte	-29
 288 0103 20       		.byte	32
 289 0104 00       		.byte	0
 290 0105 40       		.byte	64
 291 0106 03       		.byte	3
 292 0107 08       		.byte	8
 293 0108 05       		.byte	5
 294 0109 24       		.byte	36
 295 010a 06       		.byte	6
 296 010b 80       		.byte	-128
 297 010c 09       		.byte	9
 298 010d 30       		.byte	48
 299 010e 0A       		.byte	10
 300 010f 40       		.byte	64
 301 0110 0B       		.byte	11
 302 0111 01       		.byte	1
 303 0112 0C       		.byte	12
 304 0113 01       		.byte	1
 305 0114 0D       		.byte	13
 306 0115 2A       		.byte	42
 307 0116 0E       		.byte	14
 308 0117 01       		.byte	1
 309 0118 10       		.byte	16
 310 0119 88       		.byte	-120
 311 011a 16       		.byte	22
 312 011b 02       		.byte	2
 313 011c 17       		.byte	23
 314 011d 16       		.byte	22
 315 011e 19       		.byte	25
 316 011f 10       		.byte	16
 317 0120 1A       		.byte	26
 318 0121 40       		.byte	64
 319 0122 1B       		.byte	27
 320 0123 08       		.byte	8
 321 0124 1D       		.byte	29
 322 0125 20       		.byte	32
 323 0126 1E       		.byte	30
 324 0127 A1       		.byte	-95
 325 0128 1F       		.byte	31
 326 0129 10       		.byte	16
 327 012a 22       		.byte	34
 328 012b 80       		.byte	-128
 329 012c 24       		.byte	36
 330 012d 80       		.byte	-128
 331 012e 25       		.byte	37
 332 012f 08       		.byte	8
 333 0130 26       		.byte	38
 334 0131 02       		.byte	2
 335 0132 27       		.byte	39
 336 0133 01       		.byte	1
 337 0134 2B       		.byte	43
 338 0135 01       		.byte	1
 339 0136 2C       		.byte	44
 340 0137 01       		.byte	1
 341 0138 2D       		.byte	45
 342 0139 20       		.byte	32
ARM GAS  C:\Users\divya\AppData\Local\Temp\ccSvs106.s 			page 7


 343 013a 2E       		.byte	46
 344 013b 02       		.byte	2
 345 013c 2F       		.byte	47
 346 013d 10       		.byte	16
 347 013e 35       		.byte	53
 348 013f 04       		.byte	4
 349 0140 36       		.byte	54
 350 0141 20       		.byte	32
 351 0142 37       		.byte	55
 352 0143 82       		.byte	-126
 353 0144 38       		.byte	56
 354 0145 80       		.byte	-128
 355 0146 3D       		.byte	61
 356 0147 80       		.byte	-128
 357 0148 3E       		.byte	62
 358 0149 A9       		.byte	-87
 359 014a 49       		.byte	73
 360 014b 10       		.byte	16
 361 014c 50       		.byte	80
 362 014d 88       		.byte	-120
 363 014e 5B       		.byte	91
 364 014f 01       		.byte	1
 365 0150 5E       		.byte	94
 366 0151 20       		.byte	32
 367 0152 60       		.byte	96
 368 0153 04       		.byte	4
 369 0154 62       		.byte	98
 370 0155 80       		.byte	-128
 371 0156 6D       		.byte	109
 372 0157 54       		.byte	84
 373 0158 6E       		.byte	110
 374 0159 10       		.byte	16
 375 015a 76       		.byte	118
 376 015b 28       		.byte	40
 377 015c 77       		.byte	119
 378 015d 16       		.byte	22
 379 015e 89       		.byte	-119
 380 015f 08       		.byte	8
 381 0160 8B       		.byte	-117
 382 0161 80       		.byte	-128
 383 0162 C0       		.byte	-64
 384 0163 73       		.byte	115
 385 0164 C2       		.byte	-62
 386 0165 F9       		.byte	-7
 387 0166 C4       		.byte	-60
 388 0167 FA       		.byte	-6
 389 0168 CA       		.byte	-54
 390 0169 F8       		.byte	-8
 391 016a CC       		.byte	-52
 392 016b F0       		.byte	-16
 393 016c CE       		.byte	-50
 394 016d F8       		.byte	-8
 395 016e D2       		.byte	-46
 396 016f 04       		.byte	4
 397 0170 D6       		.byte	-42
 398 0171 21       		.byte	33
 399 0172 D8       		.byte	-40
ARM GAS  C:\Users\divya\AppData\Local\Temp\ccSvs106.s 			page 8


 400 0173 0C       		.byte	12
 401 0174 09       		.byte	9
 402 0175 14       		.byte	20
 403 0176 0A       		.byte	10
 404 0177 08       		.byte	8
 405 0178 0C       		.byte	12
 406 0179 13       		.byte	19
 407 017a 0D       		.byte	13
 408 017b 10       		.byte	16
 409 017c 0E       		.byte	14
 410 017d 0C       		.byte	12
 411 017e 0F       		.byte	15
 412 017f AC       		.byte	-84
 413 0180 10       		.byte	16
 414 0181 0A       		.byte	10
 415 0182 12       		.byte	18
 416 0183 14       		.byte	20
 417 0184 15       		.byte	21
 418 0185 09       		.byte	9
 419 0186 17       		.byte	23
 420 0187 D0       		.byte	-48
 421 0188 18       		.byte	24
 422 0189 40       		.byte	64
 423 018a 1B       		.byte	27
 424 018b 03       		.byte	3
 425 018c 1C       		.byte	28
 426 018d 20       		.byte	32
 427 018e 1D       		.byte	29
 428 018f 10       		.byte	16
 429 0190 1F       		.byte	31
 430 0191 40       		.byte	64
 431 0192 20       		.byte	32
 432 0193 13       		.byte	19
 433 0194 21       		.byte	33
 434 0195 0C       		.byte	12
 435 0196 22       		.byte	34
 436 0197 04       		.byte	4
 437 0198 23       		.byte	35
 438 0199 71       		.byte	113
 439 019a 24       		.byte	36
 440 019b 03       		.byte	3
 441 019c 26       		.byte	38
 442 019d 14       		.byte	20
 443 019e 2A       		.byte	42
 444 019f 15       		.byte	21
 445 01a0 2B       		.byte	43
 446 01a1 20       		.byte	32
 447 01a2 2D       		.byte	45
 448 01a3 DC       		.byte	-36
 449 01a4 2F       		.byte	47
 450 01a5 22       		.byte	34
 451 01a6 30       		.byte	48
 452 01a7 0F       		.byte	15
 453 01a8 32       		.byte	50
 454 01a9 20       		.byte	32
 455 01aa 34       		.byte	52
 456 01ab 10       		.byte	16
ARM GAS  C:\Users\divya\AppData\Local\Temp\ccSvs106.s 			page 9


 457 01ac 35       		.byte	53
 458 01ad 1F       		.byte	31
 459 01ae 36       		.byte	54
 460 01af 40       		.byte	64
 461 01b0 37       		.byte	55
 462 01b1 E0       		.byte	-32
 463 01b2 3A       		.byte	58
 464 01b3 02       		.byte	2
 465 01b4 3B       		.byte	59
 466 01b5 80       		.byte	-128
 467 01b6 3E       		.byte	62
 468 01b7 54       		.byte	84
 469 01b8 40       		.byte	64
 470 01b9 46       		.byte	70
 471 01ba 41       		.byte	65
 472 01bb 05       		.byte	5
 473 01bc 45       		.byte	69
 474 01bd EC       		.byte	-20
 475 01be 46       		.byte	70
 476 01bf B0       		.byte	-80
 477 01c0 48       		.byte	72
 478 01c1 0B       		.byte	11
 479 01c2 49       		.byte	73
 480 01c3 FF       		.byte	-1
 481 01c4 4A       		.byte	74
 482 01c5 FF       		.byte	-1
 483 01c6 4B       		.byte	75
 484 01c7 FF       		.byte	-1
 485 01c8 4E       		.byte	78
 486 01c9 F0       		.byte	-16
 487 01ca 4F       		.byte	79
 488 01cb 44       		.byte	68
 489 01cc 50       		.byte	80
 490 01cd 0C       		.byte	12
 491 01ce 54       		.byte	84
 492 01cf 01       		.byte	1
 493 01d0 58       		.byte	88
 494 01d1 04       		.byte	4
 495 01d2 59       		.byte	89
 496 01d3 04       		.byte	4
 497 01d4 5A       		.byte	90
 498 01d5 04       		.byte	4
 499 01d6 5B       		.byte	91
 500 01d7 04       		.byte	4
 501 01d8 5C       		.byte	92
 502 01d9 22       		.byte	34
 503 01da 5D       		.byte	93
 504 01db 22       		.byte	34
 505 01dc 5F       		.byte	95
 506 01dd 01       		.byte	1
 507 01de 66       		.byte	102
 508 01df C0       		.byte	-64
 509 01e0 6A       		.byte	106
 510 01e1 40       		.byte	64
 511 01e2 6B       		.byte	107
 512 01e3 02       		.byte	2
 513 01e4 81       		.byte	-127
ARM GAS  C:\Users\divya\AppData\Local\Temp\ccSvs106.s 			page 10


 514 01e5 48       		.byte	72
 515 01e6 82       		.byte	-126
 516 01e7 02       		.byte	2
 517 01e8 83       		.byte	-125
 518 01e9 35       		.byte	53
 519 01ea 85       		.byte	-123
 520 01eb F8       		.byte	-8
 521 01ec 89       		.byte	-119
 522 01ed F8       		.byte	-8
 523 01ee 91       		.byte	-111
 524 01ef 20       		.byte	32
 525 01f0 92       		.byte	-110
 526 01f1 02       		.byte	2
 527 01f2 93       		.byte	-109
 528 01f3 C2       		.byte	-62
 529 01f4 99       		.byte	-103
 530 01f5 90       		.byte	-112
 531 01f6 9B       		.byte	-101
 532 01f7 2C       		.byte	44
 533 01f8 A4       		.byte	-92
 534 01f9 01       		.byte	1
 535 01fa A8       		.byte	-88
 536 01fb 01       		.byte	1
 537 01fc AC       		.byte	-84
 538 01fd 01       		.byte	1
 539 01fe B0       		.byte	-80
 540 01ff 01       		.byte	1
 541 0200 B1       		.byte	-79
 542 0201 06       		.byte	6
 543 0202 B3       		.byte	-77
 544 0203 18       		.byte	24
 545 0204 B4       		.byte	-76
 546 0205 02       		.byte	2
 547 0206 B5       		.byte	-75
 548 0207 01       		.byte	1
 549 0208 B7       		.byte	-73
 550 0209 E0       		.byte	-32
 551 020a BA       		.byte	-70
 552 020b 08       		.byte	8
 553 020c BE       		.byte	-66
 554 020d 10       		.byte	16
 555 020e BF       		.byte	-65
 556 020f 01       		.byte	1
 557 0210 C0       		.byte	-64
 558 0211 24       		.byte	36
 559 0212 C1       		.byte	-63
 560 0213 03       		.byte	3
 561 0214 C2       		.byte	-62
 562 0215 05       		.byte	5
 563 0216 C4       		.byte	-60
 564 0217 01       		.byte	1
 565 0218 C5       		.byte	-59
 566 0219 E0       		.byte	-32
 567 021a C7       		.byte	-57
 568 021b C0       		.byte	-64
 569 021c C8       		.byte	-56
 570 021d 22       		.byte	34
ARM GAS  C:\Users\divya\AppData\Local\Temp\ccSvs106.s 			page 11


 571 021e C9       		.byte	-55
 572 021f FF       		.byte	-1
 573 0220 CA       		.byte	-54
 574 0221 FF       		.byte	-1
 575 0222 CB       		.byte	-53
 576 0223 FF       		.byte	-1
 577 0224 CC       		.byte	-52
 578 0225 62       		.byte	98
 579 0226 CD       		.byte	-51
 580 0227 A0       		.byte	-96
 581 0228 CE       		.byte	-50
 582 0229 F0       		.byte	-16
 583 022a CF       		.byte	-49
 584 022b 41       		.byte	65
 585 022c D0       		.byte	-48
 586 022d 0C       		.byte	12
 587 022e D8       		.byte	-40
 588 022f 04       		.byte	4
 589 0230 D9       		.byte	-39
 590 0231 04       		.byte	4
 591 0232 DA       		.byte	-38
 592 0233 04       		.byte	4
 593 0234 DC       		.byte	-36
 594 0235 22       		.byte	34
 595 0236 DD       		.byte	-35
 596 0237 02       		.byte	2
 597 0238 DF       		.byte	-33
 598 0239 01       		.byte	1
 599 023a E6       		.byte	-26
 600 023b 40       		.byte	64
 601 023c E7       		.byte	-25
 602 023d 02       		.byte	2
 603 023e E9       		.byte	-23
 604 023f 10       		.byte	16
 605 0240 EA       		.byte	-22
 606 0241 30       		.byte	48
 607 0242 EB       		.byte	-21
 608 0243 10       		.byte	16
 609 0244 ED       		.byte	-19
 610 0245 10       		.byte	16
 611 0246 EE       		.byte	-18
 612 0247 10       		.byte	16
 613 0248 EF       		.byte	-17
 614 0249 12       		.byte	18
 615 024a 00       		.byte	0
 616 024b 40       		.byte	64
 617 024c 03       		.byte	3
 618 024d 08       		.byte	8
 619 024e 05       		.byte	5
 620 024f 02       		.byte	2
 621 0250 08       		.byte	8
 622 0251 01       		.byte	1
 623 0252 0A       		.byte	10
 624 0253 40       		.byte	64
 625 0254 0B       		.byte	11
 626 0255 06       		.byte	6
 627 0256 0E       		.byte	14
ARM GAS  C:\Users\divya\AppData\Local\Temp\ccSvs106.s 			page 12


 628 0257 80       		.byte	-128
 629 0258 10       		.byte	16
 630 0259 7C       		.byte	124
 631 025a 13       		.byte	19
 632 025b 01       		.byte	1
 633 025c 15       		.byte	21
 634 025d 54       		.byte	84
 635 025e 18       		.byte	24
 636 025f 48       		.byte	72
 637 0260 19       		.byte	25
 638 0261 08       		.byte	8
 639 0262 1A       		.byte	26
 640 0263 02       		.byte	2
 641 0264 1C       		.byte	28
 642 0265 04       		.byte	4
 643 0266 1D       		.byte	29
 644 0267 0E       		.byte	14
 645 0268 20       		.byte	32
 646 0269 02       		.byte	2
 647 026a 22       		.byte	34
 648 026b 10       		.byte	16
 649 026c 23       		.byte	35
 650 026d 05       		.byte	5
 651 026e 25       		.byte	37
 652 026f 40       		.byte	64
 653 0270 26       		.byte	38
 654 0271 20       		.byte	32
 655 0272 27       		.byte	39
 656 0273 51       		.byte	81
 657 0274 28       		.byte	40
 658 0275 45       		.byte	69
 659 0276 30       		.byte	48
 660 0277 80       		.byte	-128
 661 0278 32       		.byte	50
 662 0279 10       		.byte	16
 663 027a 33       		.byte	51
 664 027b 08       		.byte	8
 665 027c 35       		.byte	53
 666 027d 20       		.byte	32
 667 027e 37       		.byte	55
 668 027f 11       		.byte	17
 669 0280 38       		.byte	56
 670 0281 60       		.byte	96
 671 0282 3D       		.byte	61
 672 0283 04       		.byte	4
 673 0284 3E       		.byte	62
 674 0285 12       		.byte	18
 675 0286 40       		.byte	64
 676 0287 40       		.byte	64
 677 0288 45       		.byte	69
 678 0289 1A       		.byte	26
 679 028a 47       		.byte	71
 680 028b 40       		.byte	64
 681 028c 48       		.byte	72
 682 028d 29       		.byte	41
 683 028e 49       		.byte	73
 684 028f 01       		.byte	1
ARM GAS  C:\Users\divya\AppData\Local\Temp\ccSvs106.s 			page 13


 685 0290 4B       		.byte	75
 686 0291 02       		.byte	2
 687 0292 4D       		.byte	77
 688 0293 02       		.byte	2
 689 0294 4E       		.byte	78
 690 0295 02       		.byte	2
 691 0296 50       		.byte	80
 692 0297 10       		.byte	16
 693 0298 57       		.byte	87
 694 0299 01       		.byte	1
 695 029a 58       		.byte	88
 696 029b 90       		.byte	-112
 697 029c 59       		.byte	89
 698 029d 09       		.byte	9
 699 029e 86       		.byte	-122
 700 029f 01       		.byte	1
 701 02a0 8A       		.byte	-118
 702 02a1 02       		.byte	2
 703 02a2 8C       		.byte	-116
 704 02a3 84       		.byte	-124
 705 02a4 91       		.byte	-111
 706 02a5 54       		.byte	84
 707 02a6 92       		.byte	-110
 708 02a7 50       		.byte	80
 709 02a8 94       		.byte	-108
 710 02a9 44       		.byte	68
 711 02aa 97       		.byte	-105
 712 02ab 01       		.byte	1
 713 02ac 9D       		.byte	-99
 714 02ad 24       		.byte	36
 715 02ae 9E       		.byte	-98
 716 02af 02       		.byte	2
 717 02b0 A0       		.byte	-96
 718 02b1 88       		.byte	-120
 719 02b2 A1       		.byte	-95
 720 02b3 10       		.byte	16
 721 02b4 A2       		.byte	-94
 722 02b5 42       		.byte	66
 723 02b6 A3       		.byte	-93
 724 02b7 08       		.byte	8
 725 02b8 A5       		.byte	-91
 726 02b9 42       		.byte	66
 727 02ba A6       		.byte	-90
 728 02bb 20       		.byte	32
 729 02bc A7       		.byte	-89
 730 02bd 01       		.byte	1
 731 02be C0       		.byte	-64
 732 02bf 13       		.byte	19
 733 02c0 C2       		.byte	-62
 734 02c1 1B       		.byte	27
 735 02c2 C4       		.byte	-60
 736 02c3 EE       		.byte	-18
 737 02c4 CA       		.byte	-54
 738 02c5 0D       		.byte	13
 739 02c6 CC       		.byte	-52
 740 02c7 AE       		.byte	-82
 741 02c8 CE       		.byte	-50
ARM GAS  C:\Users\divya\AppData\Local\Temp\ccSvs106.s 			page 14


 742 02c9 EC       		.byte	-20
 743 02ca D0       		.byte	-48
 744 02cb F1       		.byte	-15
 745 02cc D2       		.byte	-46
 746 02cd 1C       		.byte	28
 747 02ce D6       		.byte	-42
 748 02cf 0F       		.byte	15
 749 02d0 E4       		.byte	-28
 750 02d1 02       		.byte	2
 751 02d2 13       		.byte	19
 752 02d3 02       		.byte	2
 753 02d4 15       		.byte	21
 754 02d5 04       		.byte	4
 755 02d6 5B       		.byte	91
 756 02d7 02       		.byte	2
 757 02d8 5D       		.byte	93
 758 02d9 04       		.byte	4
 759 02da C4       		.byte	-60
 760 02db 30       		.byte	48
 761 02dc D6       		.byte	-42
 762 02dd C0       		.byte	-64
 763 02de 67       		.byte	103
 764 02df 40       		.byte	64
 765 02e0 6B       		.byte	107
 766 02e1 08       		.byte	8
 767 02e2 83       		.byte	-125
 768 02e3 08       		.byte	8
 769 02e4 D8       		.byte	-40
 770 02e5 80       		.byte	-128
 771 02e6 DA       		.byte	-38
 772 02e7 40       		.byte	64
 773 02e8 E2       		.byte	-30
 774 02e9 20       		.byte	32
 775 02ea AF       		.byte	-81
 776 02eb 40       		.byte	64
 777 02ec EE       		.byte	-18
 778 02ed 40       		.byte	64
 779 02ee 10       		.byte	16
 780 02ef 40       		.byte	64
 781 02f0 74       		.byte	116
 782 02f1 04       		.byte	4
 783 02f2 84       		.byte	-124
 784 02f3 04       		.byte	4
 785 02f4 88       		.byte	-120
 786 02f5 40       		.byte	64
 787 02f6 C4       		.byte	-60
 788 02f7 08       		.byte	8
 789 02f8 DE       		.byte	-34
 790 02f9 04       		.byte	4
 791 02fa E2       		.byte	-30
 792 02fb 01       		.byte	1
 793 02fc 10       		.byte	16
 794 02fd 04       		.byte	4
 795 02fe 1C       		.byte	28
 796 02ff 04       		.byte	4
 797 0300 80       		.byte	-128
 798 0301 80       		.byte	-128
ARM GAS  C:\Users\divya\AppData\Local\Temp\ccSvs106.s 			page 15


 799 0302 00       		.byte	0
 800 0303 00       		.byte	0
 801 0304 40       		.byte	64
 802 0305 00       		.byte	0
 803 0306 00       		.byte	0
 804 0307 00       		.byte	0
 805 0308 00       		.byte	0
 806 0309 C0       		.byte	-64
 807 030a C0       		.byte	-64
 808 030b 00       		.byte	0
 809 030c 00       		.byte	0
 810 030d 00       		.byte	0
 811 030e 00       		.byte	0
 812 030f 00       		.byte	0
 813 0310 80       		.byte	-128
 814 0311 00       		.byte	0
 815 0312 40       		.byte	64
 816 0313 80       		.byte	-128
 817 0314 80       		.byte	-128
 818 0315 00       		.byte	0
 819 0316 80       		.byte	-128
 820 0317 00       		.byte	0
 821 0318 00       		.byte	0
 822 0319 00       		.byte	0
 823 031a 00       		.byte	0
 824 031b 00       		.byte	0
 825 031c 00       		.byte	0
 826 031d 0B       		.byte	11
 827 031e 0B       		.byte	11
 828 031f 00       		.byte	0
 829 0320 00       		.byte	0
 830 0321 00       		.byte	0
 831 0322 00       		.byte	0
 832 0323 00       		.byte	0
 833 0324 00       		.byte	0
 834 0325 01       		.byte	1
 835 0326 01       		.byte	1
 836 0327 00       		.byte	0
 837 0328 00       		.byte	0
 838 0329 00       		.byte	0
 839 032a 00       		.byte	0
 840 032b 00       		.byte	0
 841              		.section	.cywolatch,"a",%progbits
 842              		.align	2
 843              		.type	cy_meta_wonvl, %object
 844              		.size	cy_meta_wonvl, 4
 845              	cy_meta_wonvl:
 846 0000 BC       		.byte	-68
 847 0001 90       		.byte	-112
 848 0002 AC       		.byte	-84
 849 0003 AF       		.byte	-81
 850              		.section	.cycustnvl,"a",%progbits
 851              		.align	2
 852              		.type	cy_meta_custnvl, %object
 853              		.size	cy_meta_custnvl, 4
 854              	cy_meta_custnvl:
 855 0000 00       		.byte	0
ARM GAS  C:\Users\divya\AppData\Local\Temp\ccSvs106.s 			page 16


 856 0001 00       		.byte	0
 857 0002 40       		.byte	64
 858 0003 05       		.byte	5
 859              		.section	.cymeta,"a",%progbits
 860              		.align	2
 861              		.type	cy_metadata, %object
 862              		.size	cy_metadata, 12
 863              	cy_metadata:
 864 0000 00       		.byte	0
 865 0001 01       		.byte	1
 866 0002 2E       		.byte	46
 867 0003 16       		.byte	22
 868 0004 10       		.byte	16
 869 0005 69       		.byte	105
 870 0006 00       		.byte	0
 871 0007 01       		.byte	1
 872 0008 00       		.byte	0
 873 0009 00       		.byte	0
 874 000a 00       		.byte	0
 875 000b 00       		.byte	0
 876              		.section	.cyflashprotect,"a",%progbits
 877              		.align	2
 878              		.type	cy_meta_flashprotect, %object
 879              		.size	cy_meta_flashprotect, 256
 880              	cy_meta_flashprotect:
 881 0000 00000000 		.space	256
 881      00000000 
 881      00000000 
 881      00000000 
 881      00000000 
 882              		.text
 883              	.Letext0:
 884              		.file 1 "c:\\program files (x86)\\cypress\\psoc creator\\4.4\\psoc creator\\import\\gnu\\arm\\5.4.
 885              		.file 2 "c:\\program files (x86)\\cypress\\psoc creator\\4.4\\psoc creator\\import\\gnu\\arm\\5.4.
 886              		.file 3 "Generated_Source\\PSoC5\\cymetadata.c"
 887              		.section	.debug_info,"",%progbits
 888              	.Ldebug_info0:
 889 0000 31010000 		.4byte	0x131
 890 0004 0400     		.2byte	0x4
 891 0006 00000000 		.4byte	.Ldebug_abbrev0
 892 000a 04       		.byte	0x4
 893 000b 01       		.uleb128 0x1
 894 000c 24000000 		.4byte	.LASF17
 895 0010 0C       		.byte	0xc
 896 0011 C3010000 		.4byte	.LASF18
 897 0015 D7000000 		.4byte	.LASF19
 898 0019 00000000 		.4byte	.Ldebug_line0
 899 001d 02       		.uleb128 0x2
 900 001e 01       		.byte	0x1
 901 001f 06       		.byte	0x6
 902 0020 B7010000 		.4byte	.LASF0
 903 0024 03       		.uleb128 0x3
 904 0025 00000000 		.4byte	.LASF9
 905 0029 01       		.byte	0x1
 906 002a 1D       		.byte	0x1d
 907 002b 2F000000 		.4byte	0x2f
 908 002f 02       		.uleb128 0x2
ARM GAS  C:\Users\divya\AppData\Local\Temp\ccSvs106.s 			page 17


 909 0030 01       		.byte	0x1
 910 0031 08       		.byte	0x8
 911 0032 16000000 		.4byte	.LASF1
 912 0036 02       		.uleb128 0x2
 913 0037 02       		.byte	0x2
 914 0038 05       		.byte	0x5
 915 0039 A4010000 		.4byte	.LASF2
 916 003d 02       		.uleb128 0x2
 917 003e 02       		.byte	0x2
 918 003f 07       		.byte	0x7
 919 0040 C4000000 		.4byte	.LASF3
 920 0044 02       		.uleb128 0x2
 921 0045 04       		.byte	0x4
 922 0046 05       		.byte	0x5
 923 0047 AE010000 		.4byte	.LASF4
 924 004b 02       		.uleb128 0x2
 925 004c 04       		.byte	0x4
 926 004d 07       		.byte	0x7
 927 004e B2000000 		.4byte	.LASF5
 928 0052 02       		.uleb128 0x2
 929 0053 08       		.byte	0x8
 930 0054 05       		.byte	0x5
 931 0055 96010000 		.4byte	.LASF6
 932 0059 02       		.uleb128 0x2
 933 005a 08       		.byte	0x8
 934 005b 07       		.byte	0x7
 935 005c 4B010000 		.4byte	.LASF7
 936 0060 04       		.uleb128 0x4
 937 0061 04       		.byte	0x4
 938 0062 05       		.byte	0x5
 939 0063 696E7400 		.ascii	"int\000"
 940 0067 02       		.uleb128 0x2
 941 0068 04       		.byte	0x4
 942 0069 07       		.byte	0x7
 943 006a 3E010000 		.4byte	.LASF8
 944 006e 03       		.uleb128 0x3
 945 006f 62010000 		.4byte	.LASF10
 946 0073 02       		.byte	0x2
 947 0074 18       		.byte	0x18
 948 0075 24000000 		.4byte	0x24
 949 0079 05       		.uleb128 0x5
 950 007a 91000000 		.4byte	0x91
 951 007e 8A000000 		.4byte	0x8a
 952 0082 06       		.uleb128 0x6
 953 0083 8A000000 		.4byte	0x8a
 954 0087 2B03     		.2byte	0x32b
 955 0089 00       		.byte	0
 956 008a 02       		.uleb128 0x2
 957 008b 04       		.byte	0x4
 958 008c 07       		.byte	0x7
 959 008d 8D010000 		.4byte	.LASF11
 960 0091 07       		.uleb128 0x7
 961 0092 6E000000 		.4byte	0x6e
 962 0096 08       		.uleb128 0x8
 963 0097 2C010000 		.4byte	.LASF12
 964 009b 03       		.byte	0x3
 965 009c 1F       		.byte	0x1f
ARM GAS  C:\Users\divya\AppData\Local\Temp\ccSvs106.s 			page 18


 966 009d A7000000 		.4byte	0xa7
 967 00a1 05       		.uleb128 0x5
 968 00a2 03       		.byte	0x3
 969 00a3 00000000 		.4byte	cy_meta_configecc
 970 00a7 07       		.uleb128 0x7
 971 00a8 79000000 		.4byte	0x79
 972 00ac 05       		.uleb128 0x5
 973 00ad 91000000 		.4byte	0x91
 974 00b1 BC000000 		.4byte	0xbc
 975 00b5 09       		.uleb128 0x9
 976 00b6 8A000000 		.4byte	0x8a
 977 00ba 03       		.byte	0x3
 978 00bb 00       		.byte	0
 979 00bc 08       		.uleb128 0x8
 980 00bd 1C010000 		.4byte	.LASF13
 981 00c1 03       		.byte	0x3
 982 00c2 92       		.byte	0x92
 983 00c3 CD000000 		.4byte	0xcd
 984 00c7 05       		.uleb128 0x5
 985 00c8 03       		.byte	0x3
 986 00c9 00000000 		.4byte	cy_meta_custnvl
 987 00cd 07       		.uleb128 0x7
 988 00ce AC000000 		.4byte	0xac
 989 00d2 08       		.uleb128 0x8
 990 00d3 7F010000 		.4byte	.LASF14
 991 00d7 03       		.byte	0x3
 992 00d8 A0       		.byte	0xa0
 993 00d9 E3000000 		.4byte	0xe3
 994 00dd 05       		.uleb128 0x5
 995 00de 03       		.byte	0x3
 996 00df 00000000 		.4byte	cy_meta_wonvl
 997 00e3 07       		.uleb128 0x7
 998 00e4 AC000000 		.4byte	0xac
 999 00e8 05       		.uleb128 0x5
 1000 00e9 91000000 		.4byte	0x91
 1001 00ed F8000000 		.4byte	0xf8
 1002 00f1 09       		.uleb128 0x9
 1003 00f2 8A000000 		.4byte	0x8a
 1004 00f6 FF       		.byte	0xff
 1005 00f7 00       		.byte	0
 1006 00f8 08       		.uleb128 0x8
 1007 00f9 6A010000 		.4byte	.LASF15
 1008 00fd 03       		.byte	0x3
 1009 00fe AE       		.byte	0xae
 1010 00ff 09010000 		.4byte	0x109
 1011 0103 05       		.uleb128 0x5
 1012 0104 03       		.byte	0x3
 1013 0105 00000000 		.4byte	cy_meta_flashprotect
 1014 0109 07       		.uleb128 0x7
 1015 010a E8000000 		.4byte	0xe8
 1016 010e 05       		.uleb128 0x5
 1017 010f 91000000 		.4byte	0x91
 1018 0113 1E010000 		.4byte	0x11e
 1019 0117 09       		.uleb128 0x9
 1020 0118 8A000000 		.4byte	0x8a
 1021 011c 0B       		.byte	0xb
 1022 011d 00       		.byte	0
ARM GAS  C:\Users\divya\AppData\Local\Temp\ccSvs106.s 			page 19


 1023 011e 08       		.uleb128 0x8
 1024 011f 0A000000 		.4byte	.LASF16
 1025 0123 03       		.byte	0x3
 1026 0124 DB       		.byte	0xdb
 1027 0125 2F010000 		.4byte	0x12f
 1028 0129 05       		.uleb128 0x5
 1029 012a 03       		.byte	0x3
 1030 012b 00000000 		.4byte	cy_metadata
 1031 012f 07       		.uleb128 0x7
 1032 0130 0E010000 		.4byte	0x10e
 1033 0134 00       		.byte	0
 1034              		.section	.debug_abbrev,"",%progbits
 1035              	.Ldebug_abbrev0:
 1036 0000 01       		.uleb128 0x1
 1037 0001 11       		.uleb128 0x11
 1038 0002 01       		.byte	0x1
 1039 0003 25       		.uleb128 0x25
 1040 0004 0E       		.uleb128 0xe
 1041 0005 13       		.uleb128 0x13
 1042 0006 0B       		.uleb128 0xb
 1043 0007 03       		.uleb128 0x3
 1044 0008 0E       		.uleb128 0xe
 1045 0009 1B       		.uleb128 0x1b
 1046 000a 0E       		.uleb128 0xe
 1047 000b 10       		.uleb128 0x10
 1048 000c 17       		.uleb128 0x17
 1049 000d 00       		.byte	0
 1050 000e 00       		.byte	0
 1051 000f 02       		.uleb128 0x2
 1052 0010 24       		.uleb128 0x24
 1053 0011 00       		.byte	0
 1054 0012 0B       		.uleb128 0xb
 1055 0013 0B       		.uleb128 0xb
 1056 0014 3E       		.uleb128 0x3e
 1057 0015 0B       		.uleb128 0xb
 1058 0016 03       		.uleb128 0x3
 1059 0017 0E       		.uleb128 0xe
 1060 0018 00       		.byte	0
 1061 0019 00       		.byte	0
 1062 001a 03       		.uleb128 0x3
 1063 001b 16       		.uleb128 0x16
 1064 001c 00       		.byte	0
 1065 001d 03       		.uleb128 0x3
 1066 001e 0E       		.uleb128 0xe
 1067 001f 3A       		.uleb128 0x3a
 1068 0020 0B       		.uleb128 0xb
 1069 0021 3B       		.uleb128 0x3b
 1070 0022 0B       		.uleb128 0xb
 1071 0023 49       		.uleb128 0x49
 1072 0024 13       		.uleb128 0x13
 1073 0025 00       		.byte	0
 1074 0026 00       		.byte	0
 1075 0027 04       		.uleb128 0x4
 1076 0028 24       		.uleb128 0x24
 1077 0029 00       		.byte	0
 1078 002a 0B       		.uleb128 0xb
 1079 002b 0B       		.uleb128 0xb
ARM GAS  C:\Users\divya\AppData\Local\Temp\ccSvs106.s 			page 20


 1080 002c 3E       		.uleb128 0x3e
 1081 002d 0B       		.uleb128 0xb
 1082 002e 03       		.uleb128 0x3
 1083 002f 08       		.uleb128 0x8
 1084 0030 00       		.byte	0
 1085 0031 00       		.byte	0
 1086 0032 05       		.uleb128 0x5
 1087 0033 01       		.uleb128 0x1
 1088 0034 01       		.byte	0x1
 1089 0035 49       		.uleb128 0x49
 1090 0036 13       		.uleb128 0x13
 1091 0037 01       		.uleb128 0x1
 1092 0038 13       		.uleb128 0x13
 1093 0039 00       		.byte	0
 1094 003a 00       		.byte	0
 1095 003b 06       		.uleb128 0x6
 1096 003c 21       		.uleb128 0x21
 1097 003d 00       		.byte	0
 1098 003e 49       		.uleb128 0x49
 1099 003f 13       		.uleb128 0x13
 1100 0040 2F       		.uleb128 0x2f
 1101 0041 05       		.uleb128 0x5
 1102 0042 00       		.byte	0
 1103 0043 00       		.byte	0
 1104 0044 07       		.uleb128 0x7
 1105 0045 26       		.uleb128 0x26
 1106 0046 00       		.byte	0
 1107 0047 49       		.uleb128 0x49
 1108 0048 13       		.uleb128 0x13
 1109 0049 00       		.byte	0
 1110 004a 00       		.byte	0
 1111 004b 08       		.uleb128 0x8
 1112 004c 34       		.uleb128 0x34
 1113 004d 00       		.byte	0
 1114 004e 03       		.uleb128 0x3
 1115 004f 0E       		.uleb128 0xe
 1116 0050 3A       		.uleb128 0x3a
 1117 0051 0B       		.uleb128 0xb
 1118 0052 3B       		.uleb128 0x3b
 1119 0053 0B       		.uleb128 0xb
 1120 0054 49       		.uleb128 0x49
 1121 0055 13       		.uleb128 0x13
 1122 0056 3F       		.uleb128 0x3f
 1123 0057 19       		.uleb128 0x19
 1124 0058 02       		.uleb128 0x2
 1125 0059 18       		.uleb128 0x18
 1126 005a 00       		.byte	0
 1127 005b 00       		.byte	0
 1128 005c 09       		.uleb128 0x9
 1129 005d 21       		.uleb128 0x21
 1130 005e 00       		.byte	0
 1131 005f 49       		.uleb128 0x49
 1132 0060 13       		.uleb128 0x13
 1133 0061 2F       		.uleb128 0x2f
 1134 0062 0B       		.uleb128 0xb
 1135 0063 00       		.byte	0
 1136 0064 00       		.byte	0
ARM GAS  C:\Users\divya\AppData\Local\Temp\ccSvs106.s 			page 21


 1137 0065 00       		.byte	0
 1138              		.section	.debug_aranges,"",%progbits
 1139 0000 14000000 		.4byte	0x14
 1140 0004 0200     		.2byte	0x2
 1141 0006 00000000 		.4byte	.Ldebug_info0
 1142 000a 04       		.byte	0x4
 1143 000b 00       		.byte	0
 1144 000c 0000     		.2byte	0
 1145 000e 0000     		.2byte	0
 1146 0010 00000000 		.4byte	0
 1147 0014 00000000 		.4byte	0
 1148              		.section	.debug_line,"",%progbits
 1149              	.Ldebug_line0:
 1150 0000 3D010000 		.section	.debug_str,"MS",%progbits,1
 1150      02003701 
 1150      00000201 
 1150      FB0E0D00 
 1150      01010101 
 1151              	.LASF9:
 1152 0000 5F5F7569 		.ascii	"__uint8_t\000"
 1152      6E74385F 
 1152      7400
 1153              	.LASF16:
 1154 000a 63795F6D 		.ascii	"cy_metadata\000"
 1154      65746164 
 1154      61746100 
 1155              	.LASF1:
 1156 0016 756E7369 		.ascii	"unsigned char\000"
 1156      676E6564 
 1156      20636861 
 1156      7200
 1157              	.LASF17:
 1158 0024 474E5520 		.ascii	"GNU C11 5.4.1 20160609 (release) [ARM/embedded-5-br"
 1158      43313120 
 1158      352E342E 
 1158      31203230 
 1158      31363036 
 1159 0057 616E6368 		.ascii	"anch revision 237715] -mcpu=cortex-m3 -mthumb -g -O"
 1159      20726576 
 1159      6973696F 
 1159      6E203233 
 1159      37373135 
 1160 008a 67202D66 		.ascii	"g -ffunction-sections -ffat-lto-objects\000"
 1160      66756E63 
 1160      74696F6E 
 1160      2D736563 
 1160      74696F6E 
 1161              	.LASF5:
 1162 00b2 6C6F6E67 		.ascii	"long unsigned int\000"
 1162      20756E73 
 1162      69676E65 
 1162      6420696E 
 1162      7400
 1163              	.LASF3:
 1164 00c4 73686F72 		.ascii	"short unsigned int\000"
 1164      7420756E 
 1164      7369676E 
ARM GAS  C:\Users\divya\AppData\Local\Temp\ccSvs106.s 			page 22


 1164      65642069 
 1164      6E7400
 1165              	.LASF19:
 1166 00d7 433A5C55 		.ascii	"C:\\Users\\divya\\Documents\\PSoC Creator\\AMA_LAB1"
 1166      73657273 
 1166      5C646976 
 1166      79615C44 
 1166      6F63756D 
 1167 0105 5C54696D 		.ascii	"\\Timing_Analysis.cydsn\000"
 1167      696E675F 
 1167      416E616C 
 1167      79736973 
 1167      2E637964 
 1168              	.LASF13:
 1169 011c 63795F6D 		.ascii	"cy_meta_custnvl\000"
 1169      6574615F 
 1169      63757374 
 1169      6E766C00 
 1170              	.LASF12:
 1171 012c 63795F6D 		.ascii	"cy_meta_configecc\000"
 1171      6574615F 
 1171      636F6E66 
 1171      69676563 
 1171      6300
 1172              	.LASF8:
 1173 013e 756E7369 		.ascii	"unsigned int\000"
 1173      676E6564 
 1173      20696E74 
 1173      00
 1174              	.LASF7:
 1175 014b 6C6F6E67 		.ascii	"long long unsigned int\000"
 1175      206C6F6E 
 1175      6720756E 
 1175      7369676E 
 1175      65642069 
 1176              	.LASF10:
 1177 0162 75696E74 		.ascii	"uint8_t\000"
 1177      385F7400 
 1178              	.LASF15:
 1179 016a 63795F6D 		.ascii	"cy_meta_flashprotect\000"
 1179      6574615F 
 1179      666C6173 
 1179      6870726F 
 1179      74656374 
 1180              	.LASF14:
 1181 017f 63795F6D 		.ascii	"cy_meta_wonvl\000"
 1181      6574615F 
 1181      776F6E76 
 1181      6C00
 1182              	.LASF11:
 1183 018d 73697A65 		.ascii	"sizetype\000"
 1183      74797065 
 1183      00
 1184              	.LASF6:
 1185 0196 6C6F6E67 		.ascii	"long long int\000"
 1185      206C6F6E 
 1185      6720696E 
ARM GAS  C:\Users\divya\AppData\Local\Temp\ccSvs106.s 			page 23


 1185      7400
 1186              	.LASF2:
 1187 01a4 73686F72 		.ascii	"short int\000"
 1187      7420696E 
 1187      7400
 1188              	.LASF4:
 1189 01ae 6C6F6E67 		.ascii	"long int\000"
 1189      20696E74 
 1189      00
 1190              	.LASF0:
 1191 01b7 7369676E 		.ascii	"signed char\000"
 1191      65642063 
 1191      68617200 
 1192              	.LASF18:
 1193 01c3 47656E65 		.ascii	"Generated_Source\\PSoC5\\cymetadata.c\000"
 1193      72617465 
 1193      645F536F 
 1193      75726365 
 1193      5C50536F 
 1194              		.ident	"GCC: (GNU Tools for ARM Embedded Processors) 5.4.1 20160609 (release) [ARM/embedded-5-bran
