ARM GAS  C:\Users\divya\AppData\Local\Temp\ccB90dsb.s 			page 1


   1              		.syntax unified
   2              		.cpu cortex-m3
   3              		.fpu softvfp
   4              		.eabi_attribute 20, 1
   5              		.eabi_attribute 21, 1
   6              		.eabi_attribute 23, 3
   7              		.eabi_attribute 24, 1
   8              		.eabi_attribute 25, 1
   9              		.eabi_attribute 26, 1
  10              		.eabi_attribute 30, 1
  11              		.eabi_attribute 34, 1
  12              		.eabi_attribute 18, 4
  13              		.thumb
  14              		.syntax unified
  15              		.file	"main.c"
  16              		.text
  17              	.Ltext0:
  18              		.cfi_sections	.debug_frame
  19              		.section	.text.main,"ax",%progbits
  20              		.align	2
  21              		.global	main
  22              		.thumb
  23              		.thumb_func
  24              		.type	main, %function
  25              	main:
  26              	.LFB63:
  27              		.file 1 "main.c"
   1:main.c        **** /* ========================================
   2:main.c        ****  *
   3:main.c        ****  * Copyright YOUR COMPANY, THE YEAR
   4:main.c        ****  * All Rights Reserved
   5:main.c        ****  * UNPUBLISHED, LICENSED SOFTWARE.
   6:main.c        ****  *
   7:main.c        ****  * CONFIDENTIAL AND PROPRIETARY INFORMATION
   8:main.c        ****  * WHICH IS THE PROPERTY OF your company.
   9:main.c        ****  *
  10:main.c        ****  * ========================================
  11:main.c        **** */
  12:main.c        **** #include "project.h"
  13:main.c        **** #include "Analyzer.h"
  14:main.c        **** #include "stdlib.h"
  15:main.c        **** #include "math.h"
  16:main.c        **** #include "string.h"
  17:main.c        **** 
  18:main.c        **** //Declaration of interrupts
  19:main.c        **** //CY_ISR_PROTO(isr_1msecTick);
  20:main.c        **** //CY_ISR_PROTO(isr_2SecTick);
  21:main.c        **** //
  22:main.c        ****  Analyzer_t TimingAnalyzer;
  23:main.c        ****  Analyzer_t TimingAnalyzer1;
  24:main.c        **** 
  25:main.c        **** 
  26:main.c        **** int main(void)
  27:main.c        **** {
  28              		.loc 1 27 0
  29              		.cfi_startproc
  30              		@ args = 0, pretend = 0, frame = 24
ARM GAS  C:\Users\divya\AppData\Local\Temp\ccB90dsb.s 			page 2


  31              		@ frame_needed = 0, uses_anonymous_args = 0
  32 0000 70B5     		push	{r4, r5, r6, lr}
  33              		.cfi_def_cfa_offset 16
  34              		.cfi_offset 4, -16
  35              		.cfi_offset 5, -12
  36              		.cfi_offset 6, -8
  37              		.cfi_offset 14, -4
  38 0002 86B0     		sub	sp, sp, #24
  39              		.cfi_def_cfa_offset 40
  28:main.c        ****     UART_LOG_Start();
  40              		.loc 1 28 0
  41 0004 FFF7FEFF 		bl	UART_LOG_Start
  42              	.LVL0:
  29:main.c        ****     timing_Analyzer_init();//Initializing the DWT CYCLE COUNTER
  43              		.loc 1 29 0
  44 0008 FFF7FEFF 		bl	timing_Analyzer_init
  45              	.LVL1:
  30:main.c        ****     
  31:main.c        ****     CyGlobalIntEnable; /* Enable global interrupts. */
  46              		.loc 1 31 0
  47              		.syntax unified
  48              	@ 31 "main.c" 1
  49 000c 62B6     		CPSIE   i
  50              	@ 0 "" 2
  32:main.c        ****     
  33:main.c        ****     /**
  34:main.c        ****     
  35:main.c        ****     isr_1msecTick_StartEx(isr_1msecTick);
  36:main.c        ****     isr_2SecTick_StartEx(isr_2SecTick);
  37:main.c        ****     
  38:main.c        ****     CLOCK1_Start();
  39:main.c        ****     CLOCK2_Start();
  40:main.c        ****     
  41:main.c        ****      SYSCOUNTER1_Start();
  42:main.c        ****      SYSCOUNTER2_Start();
  43:main.c        ****     
  44:main.c        ****     **/
  45:main.c        ****     
  46:main.c        **** 
  47:main.c        ****     /* Place your initialization/startup code here (e.g. MyInst_Start()) */
  48:main.c        ****     char StrMsg[50];
  49:main.c        ****     volatile uint32_t sum = 0;
  51              		.loc 1 49 0
  52              		.thumb
  53              		.syntax unified
  54 000e 0024     		movs	r4, #0
  55 0010 0594     		str	r4, [sp, #20]
  50:main.c        ****     volatile unsigned product = 1;
  56              		.loc 1 50 0
  57 0012 0125     		movs	r5, #1
  58 0014 0495     		str	r5, [sp, #16]
  51:main.c        ****     volatile float quotient = 1;
  59              		.loc 1 51 0
  60 0016 4FF07E53 		mov	r3, #1065353216
  61 001a 0393     		str	r3, [sp, #12]	@ float
  52:main.c        ****     volatile float fsum = 0;
  62              		.loc 1 52 0
ARM GAS  C:\Users\divya\AppData\Local\Temp\ccB90dsb.s 			page 3


  63 001c 0023     		movs	r3, #0
  64 001e 0293     		str	r3, [sp, #8]	@ float
  53:main.c        ****     volatile int mul = 1;
  65              		.loc 1 53 0
  66 0020 0195     		str	r5, [sp, #4]
  54:main.c        ****     volatile float result=0.0f;
  67              		.loc 1 54 0
  68 0022 0093     		str	r3, [sp]	@ float
  55:main.c        ****     
  56:main.c        **** //    char strMsg[60];
  57:main.c        **** //    float add = 0.0f;
  58:main.c        ****   
  59:main.c        ****    
  60:main.c        ****     
  61:main.c        ****     CyDelay(5000);// just to start the Logic Analyzer
  69              		.loc 1 61 0
  70 0024 41F28830 		movw	r0, #5000
  71 0028 FFF7FEFF 		bl	CyDelay
  72              	.LVL2:
  62:main.c        ****     
  63:main.c        ****     //Calling the function to initialize the DWT counter
  64:main.c        ****     
  65:main.c        ****    // Time_Analyzer_Create(&TimingAnalyzer,0,SYSTICK,"Analyzer1");
  66:main.c        ****     
  67:main.c        ****      //Time_Analyzer_Create(&TimingAnalyzer,0,DWT_Cycle_Counter,"Analyzer1");
  68:main.c        ****     
  69:main.c        ****     //Time_Analyzer_Create(&TimingAnalyzer,0,SYSTICK,"Analyzer1");//Since no output pins are use po
  70:main.c        ****     
  71:main.c        ****     //Time_Analyzer_Create(&TimingAnalyzer,RED_LED,SYSTICK_Output_Pin,"Analyzer1"); 
  72:main.c        ****     
  73:main.c        ****     Time_Analyzer_Create(&TimingAnalyzer,RED_LED,DWT_Cycle_Counter_Output_Pin,"Analyzer2");
  73              		.loc 1 73 0
  74 002c 0D4E     		ldr	r6, .L6
  75 002e 0E4B     		ldr	r3, .L6+4
  76 0030 2A46     		mov	r2, r5
  77 0032 2946     		mov	r1, r5
  78 0034 3046     		mov	r0, r6
  79 0036 FFF7FEFF 		bl	Time_Analyzer_Create
  80              	.LVL3:
  74:main.c        ****     
  75:main.c        ****   // test_cycle_counter();
  76:main.c        ****   //Analyzer_Start(&TimingAnalyzer);
  77:main.c        ****   //Analyzer_printStatus(&TimingAnalyzer);
  78:main.c        **** 
  79:main.c        **** /* This Function is to add the delay between Start and stop of timing analyzer*/
  80:main.c        **** /*This example has executed for DWT Cycle Counter
  81:main.c        ****    CyDelay(5000);
  82:main.c        **** 
  83:main.c        ****    Analyzer_Pause(&TimingAnalyzer);
  84:main.c        **** 
  85:main.c        ****    CyDelay(2000);
  86:main.c        **** 
  87:main.c        ****    Analyzer_Resume(&TimingAnalyzer);
  88:main.c        ****    
  89:main.c        ****   CyDelay(2000);
  90:main.c        **** 
  91:main.c        ****    Analyzer_Stop(&TimingAnalyzer);
ARM GAS  C:\Users\divya\AppData\Local\Temp\ccB90dsb.s 			page 4


  92:main.c        **** Analyzer_printStatus(&TimingAnalyzer);
  93:main.c        **** */
  94:main.c        **** /*For SYSTICK COUNTER TO CHECK START PAUSE RESUME and  STOP 
  95:main.c        **** 
  96:main.c        ****    
  97:main.c        ****     CyDelay(5000);
  98:main.c        ****     
  99:main.c        ****     Analyzer_Pause(&TimingAnalyzer);
 100:main.c        ****     CyDelay(2000);
 101:main.c        ****     
 102:main.c        ****     Analyzer_Resume(&TimingAnalyzer);
 103:main.c        ****     CyDelay(2000);
 104:main.c        ****     
 105:main.c        ****     Analyzer_Stop(&TimingAnalyzer);
 106:main.c        **** */
 107:main.c        **** 
 108:main.c        **** /*Analyzer Stzart and stop 
 109:main.c        ****  CyDelay(5000);
 110:main.c        ****  Analyzer_Stop(&TimingAnalyzer);
 111:main.c        **** */
 112:main.c        ****  /*For integer addition
 113:main.c        ****     Analyzer_Start(&TimingAnalyzer);
 114:main.c        ****     
 115:main.c        ****     for(int i=0;i<1000;i++)
 116:main.c        ****     {
 117:main.c        ****     sum = sum+i;
 118:main.c        ****     }
 119:main.c        ****     //CyDelay(2000);
 120:main.c        ****    Analyzer_Stop(&TimingAnalyzer);
 121:main.c        ****     */
 122:main.c        ****     
 123:main.c        ****     /*For integer multiplication   
 124:main.c        ****     
 125:main.c        ****     Analyzer_Start(&TimingAnalyzer);
 126:main.c        ****     
 127:main.c        ****     for(int i=1;i<=1000;i++)
 128:main.c        ****     {
 129:main.c        ****       product = product *i;
 130:main.c        ****     }
 131:main.c        ****      //CyDelay(2000);
 132:main.c        ****      Analyzer_Stop(&TimingAnalyzer);
 133:main.c        **** */
 134:main.c        ****     
 135:main.c        ****     //Division
 136:main.c        ****     /*
 137:main.c        ****     Analyzer_Start(&TimingAnalyzer);
 138:main.c        **** 
 139:main.c        ****     for(int i = 1; i <= 1000; i++)
 140:main.c        ****     {
 141:main.c        ****         quotient /=(float) i;
 142:main.c        ****     }
 143:main.c        ****      sprintf(StrMsg,"Division is %0.6f\r\n",quotient);
 144:main.c        ****      UART_LOG_PutString(StrMsg);
 145:main.c        ****     Analyzer_Stop(&TimingAnalyzer);
 146:main.c        ****     */
 147:main.c        ****     
 148:main.c        ****     /*
ARM GAS  C:\Users\divya\AppData\Local\Temp\ccB90dsb.s 			page 5


 149:main.c        ****     Analyzer_Start(&TimingAnalyzer);
 150:main.c        ****    for (int i = 0; i < 1000; i++) 
 151:main.c        ****     {
 152:main.c        ****        fsum = fsum + (float)i;
 153:main.c        ****     }
 154:main.c        ****    sprintf(StrMsg,"Addition is %0.6f\r\n",fsum);
 155:main.c        ****     UART_LOG_PutString(StrMsg);
 156:main.c        ****     Analyzer_Stop(&TimingAnalyzer);*/
 157:main.c        ****          
 158:main.c        **** //Floating point multiplication
 159:main.c        ****     /*Analyzer_Start(&TimingAnalyzer);
 160:main.c        ****   
 161:main.c        ****     for (int i = 1; i <= 33; i++) 
 162:main.c        ****     {
 163:main.c        ****         mul *= (float)i;
 164:main.c        ****     }
 165:main.c        ****    sprintf(StrMsg,"multiplication is %0.6f\r\n",(float)mul);
 166:main.c        ****      UART_LOG_PutString(StrMsg);
 167:main.c        ****    // Analyzer_Stop(&TimingAnalyzer);*/
 168:main.c        ****     
 169:main.c        ****     
 170:main.c        **** //    float quot = 1000.0f;
 171:main.c        **** //    Analyzer_Start(&TimingAnalyzer);
 172:main.c        **** //    for (int i = 1; i <= 1000; i++) 
 173:main.c        **** //    {
 174:main.c        **** //        quot /= (float)i;
 175:main.c        **** //    }
 176:main.c        **** //    Analyzer_Stop(&TimingAnalyzer);
 177:main.c        ****     
 178:main.c        ****     
 179:main.c        ****     
 180:main.c        **** //    for (int i = 0; i < 1000; i++) 
 181:main.c        **** //    {
 182:main.c        **** //       result =  sqrt((float)i);
 183:main.c        **** //    }
 184:main.c        **** //    Analyzer_Start(&TimingAnalyzer);
 185:main.c        ****     
 186:main.c        ****     /*
 187:main.c        ****     Analyzer_Start(&TimingAnalyzer);
 188:main.c        ****     Analyzer_Stop(&TimingAnalyzer);
 189:main.c        ****      for (int i = 0; i < 1000; i++) 
 190:main.c        ****     {
 191:main.c        ****         sin(i);
 192:main.c        **** 
 193:main.c        ****     }
 194:main.c        ****     CyDelay(500);
 195:main.c        ****     Analyzer_Stop(&TimingAnalyzer);
 196:main.c        ****     Analyzer_printStatus(&TimingAnalyzer);
 197:main.c        ****     
 198:main.c        ****     */ 
 199:main.c        ****     
 200:main.c        ****     Analyzer_Start(&TimingAnalyzer);
  81              		.loc 1 200 0
  82 003a 3046     		mov	r0, r6
  83 003c FFF7FEFF 		bl	Analyzer_Start
  84              	.LVL4:
 201:main.c        ****     Analyzer_Stop(&TimingAnalyzer);
ARM GAS  C:\Users\divya\AppData\Local\Temp\ccB90dsb.s 			page 6


  85              		.loc 1 201 0
  86 0040 3046     		mov	r0, r6
  87 0042 FFF7FEFF 		bl	Analyzer_Stop
  88              	.LVL5:
  89              	.LBB2:
 202:main.c        **** 
 203:main.c        ****     for (int i = 0; i < 1000; i++)
  90              		.loc 1 203 0
  91 0046 2346     		mov	r3, r4
  92 0048 00E0     		b	.L2
  93              	.LVL6:
  94              	.L3:
  95              		.loc 1 203 0 is_stmt 0 discriminator 3
  96 004a 0133     		adds	r3, r3, #1
  97              	.LVL7:
  98              	.L2:
  99              		.loc 1 203 0 discriminator 1
 100 004c B3F57A7F 		cmp	r3, #1000
 101 0050 FBDB     		blt	.L3
 102              	.LBE2:
 204:main.c        ****     {
 205:main.c        ****         sinf((float)i);
 206:main.c        ****     }
 207:main.c        ****    Analyzer_Stop(&TimingAnalyzer);
 103              		.loc 1 207 0 is_stmt 1
 104 0052 044C     		ldr	r4, .L6
 105 0054 2046     		mov	r0, r4
 106 0056 FFF7FEFF 		bl	Analyzer_Stop
 107              	.LVL8:
 208:main.c        ****    Analyzer_printStatus(&TimingAnalyzer);
 108              		.loc 1 208 0
 109 005a 2046     		mov	r0, r4
 110 005c FFF7FEFF 		bl	Analyzer_printStatus
 111              	.LVL9:
 112              	.L4:
 113 0060 FEE7     		b	.L4
 114              	.L7:
 115 0062 00BF     		.align	2
 116              	.L6:
 117 0064 00000000 		.word	TimingAnalyzer
 118 0068 00000000 		.word	.LC0
 119              		.cfi_endproc
 120              	.LFE63:
 121              		.size	main, .-main
 122              		.comm	TimingAnalyzer1,48,4
 123              		.comm	TimingAnalyzer,48,4
 124              		.section	.rodata.str1.4,"aMS",%progbits,1
 125              		.align	2
 126              	.LC0:
 127 0000 416E616C 		.ascii	"Analyzer2\000"
 127      797A6572 
 127      3200
 128              		.text
 129              	.Letext0:
 130              		.file 2 "c:\\program files (x86)\\cypress\\psoc creator\\4.4\\psoc creator\\import\\gnu\\arm\\5.4.
 131              		.file 3 "c:\\program files (x86)\\cypress\\psoc creator\\4.4\\psoc creator\\import\\gnu\\arm\\5.4.
 132              		.file 4 "Analyzer.h"
ARM GAS  C:\Users\divya\AppData\Local\Temp\ccB90dsb.s 			page 7


 133              		.file 5 "Generated_Source\\PSoC5/core_cm3.h"
 134              		.file 6 "Generated_Source\\PSoC5/UART_LOG.h"
 135              		.file 7 "Generated_Source\\PSoC5/CyLib.h"
 136              		.section	.debug_info,"",%progbits
 137              	.Ldebug_info0:
 138 0000 BF030000 		.4byte	0x3bf
 139 0004 0400     		.2byte	0x4
 140 0006 00000000 		.4byte	.Ldebug_abbrev0
 141 000a 04       		.byte	0x4
 142 000b 01       		.uleb128 0x1
 143 000c F1020000 		.4byte	.LASF56
 144 0010 0C       		.byte	0xc
 145 0011 40020000 		.4byte	.LASF57
 146 0015 81020000 		.4byte	.LASF58
 147 0019 00000000 		.4byte	.Ldebug_ranges0+0
 148 001d 00000000 		.4byte	0
 149 0021 00000000 		.4byte	.Ldebug_line0
 150 0025 02       		.uleb128 0x2
 151 0026 01       		.byte	0x1
 152 0027 06       		.byte	0x6
 153 0028 89010000 		.4byte	.LASF0
 154 002c 03       		.uleb128 0x3
 155 002d 0D010000 		.4byte	.LASF3
 156 0031 02       		.byte	0x2
 157 0032 1D       		.byte	0x1d
 158 0033 37000000 		.4byte	0x37
 159 0037 02       		.uleb128 0x2
 160 0038 01       		.byte	0x1
 161 0039 08       		.byte	0x8
 162 003a 17010000 		.4byte	.LASF1
 163 003e 02       		.uleb128 0x2
 164 003f 02       		.byte	0x2
 165 0040 05       		.byte	0x5
 166 0041 3C000000 		.4byte	.LASF2
 167 0045 03       		.uleb128 0x3
 168 0046 66000000 		.4byte	.LASF4
 169 004a 02       		.byte	0x2
 170 004b 2B       		.byte	0x2b
 171 004c 50000000 		.4byte	0x50
 172 0050 02       		.uleb128 0x2
 173 0051 02       		.byte	0x2
 174 0052 07       		.byte	0x7
 175 0053 12020000 		.4byte	.LASF5
 176 0057 03       		.uleb128 0x3
 177 0058 60020000 		.4byte	.LASF6
 178 005c 02       		.byte	0x2
 179 005d 3F       		.byte	0x3f
 180 005e 62000000 		.4byte	0x62
 181 0062 02       		.uleb128 0x2
 182 0063 04       		.byte	0x4
 183 0064 05       		.byte	0x5
 184 0065 D1000000 		.4byte	.LASF7
 185 0069 03       		.uleb128 0x3
 186 006a 54000000 		.4byte	.LASF8
 187 006e 02       		.byte	0x2
 188 006f 41       		.byte	0x41
 189 0070 74000000 		.4byte	0x74
ARM GAS  C:\Users\divya\AppData\Local\Temp\ccB90dsb.s 			page 8


 190 0074 02       		.uleb128 0x2
 191 0075 04       		.byte	0x4
 192 0076 07       		.byte	0x7
 193 0077 47020000 		.4byte	.LASF9
 194 007b 02       		.uleb128 0x2
 195 007c 08       		.byte	0x8
 196 007d 05       		.byte	0x5
 197 007e C3000000 		.4byte	.LASF10
 198 0082 02       		.uleb128 0x2
 199 0083 08       		.byte	0x8
 200 0084 07       		.byte	0x7
 201 0085 95010000 		.4byte	.LASF11
 202 0089 04       		.uleb128 0x4
 203 008a 04       		.byte	0x4
 204 008b 05       		.byte	0x5
 205 008c 696E7400 		.ascii	"int\000"
 206 0090 02       		.uleb128 0x2
 207 0091 04       		.byte	0x4
 208 0092 07       		.byte	0x7
 209 0093 B5010000 		.4byte	.LASF12
 210 0097 03       		.uleb128 0x3
 211 0098 8E000000 		.4byte	.LASF13
 212 009c 03       		.byte	0x3
 213 009d 18       		.byte	0x18
 214 009e 2C000000 		.4byte	0x2c
 215 00a2 03       		.uleb128 0x3
 216 00a3 C2010000 		.4byte	.LASF14
 217 00a7 03       		.byte	0x3
 218 00a8 24       		.byte	0x24
 219 00a9 45000000 		.4byte	0x45
 220 00ad 03       		.uleb128 0x3
 221 00ae 0A020000 		.4byte	.LASF15
 222 00b2 03       		.byte	0x3
 223 00b3 2C       		.byte	0x2c
 224 00b4 57000000 		.4byte	0x57
 225 00b8 03       		.uleb128 0x3
 226 00b9 AC010000 		.4byte	.LASF16
 227 00bd 03       		.byte	0x3
 228 00be 30       		.byte	0x30
 229 00bf 69000000 		.4byte	0x69
 230 00c3 02       		.uleb128 0x2
 231 00c4 04       		.byte	0x4
 232 00c5 04       		.byte	0x4
 233 00c6 BD000000 		.4byte	.LASF17
 234 00ca 02       		.uleb128 0x2
 235 00cb 08       		.byte	0x8
 236 00cc 04       		.byte	0x4
 237 00cd 59020000 		.4byte	.LASF18
 238 00d1 02       		.uleb128 0x2
 239 00d2 01       		.byte	0x1
 240 00d3 08       		.byte	0x8
 241 00d4 F6010000 		.4byte	.LASF19
 242 00d8 05       		.uleb128 0x5
 243 00d9 04       		.byte	0x4
 244 00da DE000000 		.4byte	0xde
 245 00de 06       		.uleb128 0x6
 246 00df 02       		.uleb128 0x2
ARM GAS  C:\Users\divya\AppData\Local\Temp\ccB90dsb.s 			page 9


 247 00e0 08       		.byte	0x8
 248 00e1 04       		.byte	0x4
 249 00e2 4D010000 		.4byte	.LASF20
 250 00e6 02       		.uleb128 0x2
 251 00e7 04       		.byte	0x4
 252 00e8 07       		.byte	0x7
 253 00e9 46000000 		.4byte	.LASF21
 254 00ed 07       		.uleb128 0x7
 255 00ee B8000000 		.4byte	0xb8
 256 00f2 08       		.uleb128 0x8
 257 00f3 01       		.byte	0x1
 258 00f4 37000000 		.4byte	0x37
 259 00f8 04       		.byte	0x4
 260 00f9 11       		.byte	0x11
 261 00fa 17010000 		.4byte	0x117
 262 00fe 09       		.uleb128 0x9
 263 00ff 87030000 		.4byte	.LASF22
 264 0103 00       		.byte	0
 265 0104 09       		.uleb128 0x9
 266 0105 DA010000 		.4byte	.LASF23
 267 0109 01       		.byte	0x1
 268 010a 09       		.uleb128 0x9
 269 010b FB010000 		.4byte	.LASF24
 270 010f 02       		.byte	0x2
 271 0110 09       		.uleb128 0x9
 272 0111 CB020000 		.4byte	.LASF25
 273 0115 03       		.byte	0x3
 274 0116 00       		.byte	0
 275 0117 03       		.uleb128 0x3
 276 0118 00000000 		.4byte	.LASF26
 277 011c 04       		.byte	0x4
 278 011d 16       		.byte	0x16
 279 011e F2000000 		.4byte	0xf2
 280 0122 08       		.uleb128 0x8
 281 0123 01       		.byte	0x1
 282 0124 37000000 		.4byte	0x37
 283 0128 04       		.byte	0x4
 284 0129 1A       		.byte	0x1a
 285 012a 4D010000 		.4byte	0x14d
 286 012e 09       		.uleb128 0x9
 287 012f AB000000 		.4byte	.LASF27
 288 0133 00       		.byte	0
 289 0134 09       		.uleb128 0x9
 290 0135 6C010000 		.4byte	.LASF28
 291 0139 01       		.byte	0x1
 292 013a 09       		.uleb128 0x9
 293 013b 34000000 		.4byte	.LASF29
 294 013f 02       		.byte	0x2
 295 0140 09       		.uleb128 0x9
 296 0141 DA000000 		.4byte	.LASF30
 297 0145 03       		.byte	0x3
 298 0146 09       		.uleb128 0x9
 299 0147 30020000 		.4byte	.LASF31
 300 014b 04       		.byte	0x4
 301 014c 00       		.byte	0
 302 014d 03       		.uleb128 0x3
 303 014e 11000000 		.4byte	.LASF32
ARM GAS  C:\Users\divya\AppData\Local\Temp\ccB90dsb.s 			page 10


 304 0152 04       		.byte	0x4
 305 0153 20       		.byte	0x20
 306 0154 22010000 		.4byte	0x122
 307 0158 0A       		.uleb128 0xa
 308 0159 30       		.byte	0x30
 309 015a 04       		.byte	0x4
 310 015b 23       		.byte	0x23
 311 015c D8010000 		.4byte	0x1d8
 312 0160 0B       		.uleb128 0xb
 313 0161 696400   		.ascii	"id\000"
 314 0164 04       		.byte	0x4
 315 0165 25       		.byte	0x25
 316 0166 97000000 		.4byte	0x97
 317 016a 00       		.byte	0
 318 016b 0B       		.uleb128 0xb
 319 016c 70696E00 		.ascii	"pin\000"
 320 0170 04       		.byte	0x4
 321 0171 26       		.byte	0x26
 322 0172 A2000000 		.4byte	0xa2
 323 0176 02       		.byte	0x2
 324 0177 0C       		.uleb128 0xc
 325 0178 3A010000 		.4byte	.LASF33
 326 017c 04       		.byte	0x4
 327 017d 27       		.byte	0x27
 328 017e D8010000 		.4byte	0x1d8
 329 0182 04       		.byte	0x4
 330 0183 0C       		.uleb128 0xc
 331 0184 C6020000 		.4byte	.LASF34
 332 0188 04       		.byte	0x4
 333 0189 28       		.byte	0x28
 334 018a 4D010000 		.4byte	0x14d
 335 018e 18       		.byte	0x18
 336 018f 0C       		.uleb128 0xc
 337 0190 6A020000 		.4byte	.LASF35
 338 0194 04       		.byte	0x4
 339 0195 29       		.byte	0x29
 340 0196 17010000 		.4byte	0x117
 341 019a 19       		.byte	0x19
 342 019b 0C       		.uleb128 0xc
 343 019c 96030000 		.4byte	.LASF36
 344 01a0 04       		.byte	0x4
 345 01a1 2A       		.byte	0x2a
 346 01a2 B8000000 		.4byte	0xb8
 347 01a6 1C       		.byte	0x1c
 348 01a7 0C       		.uleb128 0xc
 349 01a8 D9020000 		.4byte	.LASF37
 350 01ac 04       		.byte	0x4
 351 01ad 2B       		.byte	0x2b
 352 01ae B8000000 		.4byte	0xb8
 353 01b2 20       		.byte	0x20
 354 01b3 0C       		.uleb128 0xc
 355 01b4 02010000 		.4byte	.LASF38
 356 01b8 04       		.byte	0x4
 357 01b9 2C       		.byte	0x2c
 358 01ba B8000000 		.4byte	0xb8
 359 01be 24       		.byte	0x24
 360 01bf 0C       		.uleb128 0xc
ARM GAS  C:\Users\divya\AppData\Local\Temp\ccB90dsb.s 			page 11


 361 01c0 25020000 		.4byte	.LASF39
 362 01c4 04       		.byte	0x4
 363 01c5 2D       		.byte	0x2d
 364 01c6 B8000000 		.4byte	0xb8
 365 01ca 28       		.byte	0x28
 366 01cb 0C       		.uleb128 0xc
 367 01cc 80000000 		.4byte	.LASF40
 368 01d0 04       		.byte	0x4
 369 01d1 2E       		.byte	0x2e
 370 01d2 D8000000 		.4byte	0xd8
 371 01d6 2C       		.byte	0x2c
 372 01d7 00       		.byte	0
 373 01d8 0D       		.uleb128 0xd
 374 01d9 D1000000 		.4byte	0xd1
 375 01dd E8010000 		.4byte	0x1e8
 376 01e1 0E       		.uleb128 0xe
 377 01e2 E6000000 		.4byte	0xe6
 378 01e6 13       		.byte	0x13
 379 01e7 00       		.byte	0
 380 01e8 03       		.uleb128 0x3
 381 01e9 61010000 		.4byte	.LASF41
 382 01ed 04       		.byte	0x4
 383 01ee 31       		.byte	0x31
 384 01ef 58010000 		.4byte	0x158
 385 01f3 0F       		.uleb128 0xf
 386 01f4 4F000000 		.4byte	.LASF59
 387 01f8 01       		.byte	0x1
 388 01f9 1A       		.byte	0x1a
 389 01fa 89000000 		.4byte	0x89
 390 01fe 00000000 		.4byte	.LFB63
 391 0202 6C000000 		.4byte	.LFE63-.LFB63
 392 0206 01       		.uleb128 0x1
 393 0207 9C       		.byte	0x9c
 394 0208 23030000 		.4byte	0x323
 395 020c 10       		.uleb128 0x10
 396 020d 5F000000 		.4byte	.LASF60
 397 0211 01       		.byte	0x1
 398 0212 30       		.byte	0x30
 399 0213 23030000 		.4byte	0x323
 400 0217 11       		.uleb128 0x11
 401 0218 73756D00 		.ascii	"sum\000"
 402 021c 01       		.byte	0x1
 403 021d 31       		.byte	0x31
 404 021e ED000000 		.4byte	0xed
 405 0222 02       		.uleb128 0x2
 406 0223 91       		.byte	0x91
 407 0224 6C       		.sleb128 -20
 408 0225 12       		.uleb128 0x12
 409 0226 59010000 		.4byte	.LASF42
 410 022a 01       		.byte	0x1
 411 022b 32       		.byte	0x32
 412 022c 33030000 		.4byte	0x333
 413 0230 02       		.uleb128 0x2
 414 0231 91       		.byte	0x91
 415 0232 68       		.sleb128 -24
 416 0233 12       		.uleb128 0x12
 417 0234 3F010000 		.4byte	.LASF43
ARM GAS  C:\Users\divya\AppData\Local\Temp\ccB90dsb.s 			page 12


 418 0238 01       		.byte	0x1
 419 0239 33       		.byte	0x33
 420 023a 38030000 		.4byte	0x338
 421 023e 02       		.uleb128 0x2
 422 023f 91       		.byte	0x91
 423 0240 64       		.sleb128 -28
 424 0241 12       		.uleb128 0x12
 425 0242 48010000 		.4byte	.LASF44
 426 0246 01       		.byte	0x1
 427 0247 34       		.byte	0x34
 428 0248 38030000 		.4byte	0x338
 429 024c 02       		.uleb128 0x2
 430 024d 91       		.byte	0x91
 431 024e 60       		.sleb128 -32
 432 024f 11       		.uleb128 0x11
 433 0250 6D756C00 		.ascii	"mul\000"
 434 0254 01       		.byte	0x1
 435 0255 35       		.byte	0x35
 436 0256 3D030000 		.4byte	0x33d
 437 025a 02       		.uleb128 0x2
 438 025b 91       		.byte	0x91
 439 025c 5C       		.sleb128 -36
 440 025d 12       		.uleb128 0x12
 441 025e 2D000000 		.4byte	.LASF45
 442 0262 01       		.byte	0x1
 443 0263 36       		.byte	0x36
 444 0264 38030000 		.4byte	0x338
 445 0268 02       		.uleb128 0x2
 446 0269 91       		.byte	0x91
 447 026a 58       		.sleb128 -40
 448 026b 13       		.uleb128 0x13
 449 026c 46000000 		.4byte	.LBB2
 450 0270 0C000000 		.4byte	.LBE2-.LBB2
 451 0274 86020000 		.4byte	0x286
 452 0278 14       		.uleb128 0x14
 453 0279 6900     		.ascii	"i\000"
 454 027b 01       		.byte	0x1
 455 027c CB       		.byte	0xcb
 456 027d 89000000 		.4byte	0x89
 457 0281 00000000 		.4byte	.LLST0
 458 0285 00       		.byte	0
 459 0286 15       		.uleb128 0x15
 460 0287 08000000 		.4byte	.LVL0
 461 028b 75030000 		.4byte	0x375
 462 028f 15       		.uleb128 0x15
 463 0290 0C000000 		.4byte	.LVL1
 464 0294 80030000 		.4byte	0x380
 465 0298 16       		.uleb128 0x16
 466 0299 2C000000 		.4byte	.LVL2
 467 029d 8B030000 		.4byte	0x38b
 468 02a1 AD020000 		.4byte	0x2ad
 469 02a5 17       		.uleb128 0x17
 470 02a6 01       		.uleb128 0x1
 471 02a7 50       		.byte	0x50
 472 02a8 03       		.uleb128 0x3
 473 02a9 0A       		.byte	0xa
 474 02aa 8813     		.2byte	0x1388
ARM GAS  C:\Users\divya\AppData\Local\Temp\ccB90dsb.s 			page 13


 475 02ac 00       		.byte	0
 476 02ad 16       		.uleb128 0x16
 477 02ae 3A000000 		.4byte	.LVL3
 478 02b2 96030000 		.4byte	0x396
 479 02b6 D6020000 		.4byte	0x2d6
 480 02ba 17       		.uleb128 0x17
 481 02bb 01       		.uleb128 0x1
 482 02bc 50       		.byte	0x50
 483 02bd 02       		.uleb128 0x2
 484 02be 76       		.byte	0x76
 485 02bf 00       		.sleb128 0
 486 02c0 17       		.uleb128 0x17
 487 02c1 01       		.uleb128 0x1
 488 02c2 51       		.byte	0x51
 489 02c3 02       		.uleb128 0x2
 490 02c4 75       		.byte	0x75
 491 02c5 00       		.sleb128 0
 492 02c6 17       		.uleb128 0x17
 493 02c7 01       		.uleb128 0x1
 494 02c8 52       		.byte	0x52
 495 02c9 02       		.uleb128 0x2
 496 02ca 75       		.byte	0x75
 497 02cb 00       		.sleb128 0
 498 02cc 17       		.uleb128 0x17
 499 02cd 01       		.uleb128 0x1
 500 02ce 53       		.byte	0x53
 501 02cf 05       		.uleb128 0x5
 502 02d0 03       		.byte	0x3
 503 02d1 00000000 		.4byte	.LC0
 504 02d5 00       		.byte	0
 505 02d6 16       		.uleb128 0x16
 506 02d7 40000000 		.4byte	.LVL4
 507 02db A1030000 		.4byte	0x3a1
 508 02df EA020000 		.4byte	0x2ea
 509 02e3 17       		.uleb128 0x17
 510 02e4 01       		.uleb128 0x1
 511 02e5 50       		.byte	0x50
 512 02e6 02       		.uleb128 0x2
 513 02e7 76       		.byte	0x76
 514 02e8 00       		.sleb128 0
 515 02e9 00       		.byte	0
 516 02ea 16       		.uleb128 0x16
 517 02eb 46000000 		.4byte	.LVL5
 518 02ef AC030000 		.4byte	0x3ac
 519 02f3 FE020000 		.4byte	0x2fe
 520 02f7 17       		.uleb128 0x17
 521 02f8 01       		.uleb128 0x1
 522 02f9 50       		.byte	0x50
 523 02fa 02       		.uleb128 0x2
 524 02fb 76       		.byte	0x76
 525 02fc 00       		.sleb128 0
 526 02fd 00       		.byte	0
 527 02fe 16       		.uleb128 0x16
 528 02ff 5A000000 		.4byte	.LVL8
 529 0303 AC030000 		.4byte	0x3ac
 530 0307 12030000 		.4byte	0x312
 531 030b 17       		.uleb128 0x17
ARM GAS  C:\Users\divya\AppData\Local\Temp\ccB90dsb.s 			page 14


 532 030c 01       		.uleb128 0x1
 533 030d 50       		.byte	0x50
 534 030e 02       		.uleb128 0x2
 535 030f 76       		.byte	0x76
 536 0310 00       		.sleb128 0
 537 0311 00       		.byte	0
 538 0312 18       		.uleb128 0x18
 539 0313 60000000 		.4byte	.LVL9
 540 0317 B7030000 		.4byte	0x3b7
 541 031b 17       		.uleb128 0x17
 542 031c 01       		.uleb128 0x1
 543 031d 50       		.byte	0x50
 544 031e 02       		.uleb128 0x2
 545 031f 76       		.byte	0x76
 546 0320 00       		.sleb128 0
 547 0321 00       		.byte	0
 548 0322 00       		.byte	0
 549 0323 0D       		.uleb128 0xd
 550 0324 D1000000 		.4byte	0xd1
 551 0328 33030000 		.4byte	0x333
 552 032c 0E       		.uleb128 0xe
 553 032d E6000000 		.4byte	0xe6
 554 0331 31       		.byte	0x31
 555 0332 00       		.byte	0
 556 0333 07       		.uleb128 0x7
 557 0334 90000000 		.4byte	0x90
 558 0338 07       		.uleb128 0x7
 559 0339 C3000000 		.4byte	0xc3
 560 033d 07       		.uleb128 0x7
 561 033e 89000000 		.4byte	0x89
 562 0342 19       		.uleb128 0x19
 563 0343 E4020000 		.4byte	.LASF46
 564 0347 05       		.byte	0x5
 565 0348 1207     		.2byte	0x712
 566 034a 4E030000 		.4byte	0x34e
 567 034e 07       		.uleb128 0x7
 568 034f AD000000 		.4byte	0xad
 569 0353 1A       		.uleb128 0x1a
 570 0354 71000000 		.4byte	.LASF47
 571 0358 01       		.byte	0x1
 572 0359 16       		.byte	0x16
 573 035a E8010000 		.4byte	0x1e8
 574 035e 05       		.uleb128 0x5
 575 035f 03       		.byte	0x3
 576 0360 00000000 		.4byte	TimingAnalyzer
 577 0364 1A       		.uleb128 0x1a
 578 0365 71020000 		.4byte	.LASF48
 579 0369 01       		.byte	0x1
 580 036a 17       		.byte	0x17
 581 036b E8010000 		.4byte	0x1e8
 582 036f 05       		.uleb128 0x5
 583 0370 03       		.byte	0x3
 584 0371 00000000 		.4byte	TimingAnalyzer1
 585 0375 1B       		.uleb128 0x1b
 586 0376 1E000000 		.4byte	.LASF49
 587 037a 1E000000 		.4byte	.LASF49
 588 037e 06       		.byte	0x6
ARM GAS  C:\Users\divya\AppData\Local\Temp\ccB90dsb.s 			page 15


 589 037f 54       		.byte	0x54
 590 0380 1B       		.uleb128 0x1b
 591 0381 ED000000 		.4byte	.LASF50
 592 0385 ED000000 		.4byte	.LASF50
 593 0389 04       		.byte	0x4
 594 038a 34       		.byte	0x34
 595 038b 1B       		.uleb128 0x1b
 596 038c 7F030000 		.4byte	.LASF51
 597 0390 7F030000 		.4byte	.LASF51
 598 0394 07       		.byte	0x7
 599 0395 76       		.byte	0x76
 600 0396 1B       		.uleb128 0x1b
 601 0397 96000000 		.4byte	.LASF52
 602 039b 96000000 		.4byte	.LASF52
 603 039f 04       		.byte	0x4
 604 03a0 38       		.byte	0x38
 605 03a1 1B       		.uleb128 0x1b
 606 03a2 CB010000 		.4byte	.LASF53
 607 03a6 CB010000 		.4byte	.LASF53
 608 03aa 04       		.byte	0x4
 609 03ab 3A       		.byte	0x3a
 610 03ac 1B       		.uleb128 0x1b
 611 03ad E8010000 		.4byte	.LASF54
 612 03b1 E8010000 		.4byte	.LASF54
 613 03b5 04       		.byte	0x4
 614 03b6 3C       		.byte	0x3c
 615 03b7 1B       		.uleb128 0x1b
 616 03b8 25010000 		.4byte	.LASF55
 617 03bc 25010000 		.4byte	.LASF55
 618 03c0 04       		.byte	0x4
 619 03c1 42       		.byte	0x42
 620 03c2 00       		.byte	0
 621              		.section	.debug_abbrev,"",%progbits
 622              	.Ldebug_abbrev0:
 623 0000 01       		.uleb128 0x1
 624 0001 11       		.uleb128 0x11
 625 0002 01       		.byte	0x1
 626 0003 25       		.uleb128 0x25
 627 0004 0E       		.uleb128 0xe
 628 0005 13       		.uleb128 0x13
 629 0006 0B       		.uleb128 0xb
 630 0007 03       		.uleb128 0x3
 631 0008 0E       		.uleb128 0xe
 632 0009 1B       		.uleb128 0x1b
 633 000a 0E       		.uleb128 0xe
 634 000b 55       		.uleb128 0x55
 635 000c 17       		.uleb128 0x17
 636 000d 11       		.uleb128 0x11
 637 000e 01       		.uleb128 0x1
 638 000f 10       		.uleb128 0x10
 639 0010 17       		.uleb128 0x17
 640 0011 00       		.byte	0
 641 0012 00       		.byte	0
 642 0013 02       		.uleb128 0x2
 643 0014 24       		.uleb128 0x24
 644 0015 00       		.byte	0
 645 0016 0B       		.uleb128 0xb
ARM GAS  C:\Users\divya\AppData\Local\Temp\ccB90dsb.s 			page 16


 646 0017 0B       		.uleb128 0xb
 647 0018 3E       		.uleb128 0x3e
 648 0019 0B       		.uleb128 0xb
 649 001a 03       		.uleb128 0x3
 650 001b 0E       		.uleb128 0xe
 651 001c 00       		.byte	0
 652 001d 00       		.byte	0
 653 001e 03       		.uleb128 0x3
 654 001f 16       		.uleb128 0x16
 655 0020 00       		.byte	0
 656 0021 03       		.uleb128 0x3
 657 0022 0E       		.uleb128 0xe
 658 0023 3A       		.uleb128 0x3a
 659 0024 0B       		.uleb128 0xb
 660 0025 3B       		.uleb128 0x3b
 661 0026 0B       		.uleb128 0xb
 662 0027 49       		.uleb128 0x49
 663 0028 13       		.uleb128 0x13
 664 0029 00       		.byte	0
 665 002a 00       		.byte	0
 666 002b 04       		.uleb128 0x4
 667 002c 24       		.uleb128 0x24
 668 002d 00       		.byte	0
 669 002e 0B       		.uleb128 0xb
 670 002f 0B       		.uleb128 0xb
 671 0030 3E       		.uleb128 0x3e
 672 0031 0B       		.uleb128 0xb
 673 0032 03       		.uleb128 0x3
 674 0033 08       		.uleb128 0x8
 675 0034 00       		.byte	0
 676 0035 00       		.byte	0
 677 0036 05       		.uleb128 0x5
 678 0037 0F       		.uleb128 0xf
 679 0038 00       		.byte	0
 680 0039 0B       		.uleb128 0xb
 681 003a 0B       		.uleb128 0xb
 682 003b 49       		.uleb128 0x49
 683 003c 13       		.uleb128 0x13
 684 003d 00       		.byte	0
 685 003e 00       		.byte	0
 686 003f 06       		.uleb128 0x6
 687 0040 15       		.uleb128 0x15
 688 0041 00       		.byte	0
 689 0042 27       		.uleb128 0x27
 690 0043 19       		.uleb128 0x19
 691 0044 00       		.byte	0
 692 0045 00       		.byte	0
 693 0046 07       		.uleb128 0x7
 694 0047 35       		.uleb128 0x35
 695 0048 00       		.byte	0
 696 0049 49       		.uleb128 0x49
 697 004a 13       		.uleb128 0x13
 698 004b 00       		.byte	0
 699 004c 00       		.byte	0
 700 004d 08       		.uleb128 0x8
 701 004e 04       		.uleb128 0x4
 702 004f 01       		.byte	0x1
ARM GAS  C:\Users\divya\AppData\Local\Temp\ccB90dsb.s 			page 17


 703 0050 0B       		.uleb128 0xb
 704 0051 0B       		.uleb128 0xb
 705 0052 49       		.uleb128 0x49
 706 0053 13       		.uleb128 0x13
 707 0054 3A       		.uleb128 0x3a
 708 0055 0B       		.uleb128 0xb
 709 0056 3B       		.uleb128 0x3b
 710 0057 0B       		.uleb128 0xb
 711 0058 01       		.uleb128 0x1
 712 0059 13       		.uleb128 0x13
 713 005a 00       		.byte	0
 714 005b 00       		.byte	0
 715 005c 09       		.uleb128 0x9
 716 005d 28       		.uleb128 0x28
 717 005e 00       		.byte	0
 718 005f 03       		.uleb128 0x3
 719 0060 0E       		.uleb128 0xe
 720 0061 1C       		.uleb128 0x1c
 721 0062 0B       		.uleb128 0xb
 722 0063 00       		.byte	0
 723 0064 00       		.byte	0
 724 0065 0A       		.uleb128 0xa
 725 0066 13       		.uleb128 0x13
 726 0067 01       		.byte	0x1
 727 0068 0B       		.uleb128 0xb
 728 0069 0B       		.uleb128 0xb
 729 006a 3A       		.uleb128 0x3a
 730 006b 0B       		.uleb128 0xb
 731 006c 3B       		.uleb128 0x3b
 732 006d 0B       		.uleb128 0xb
 733 006e 01       		.uleb128 0x1
 734 006f 13       		.uleb128 0x13
 735 0070 00       		.byte	0
 736 0071 00       		.byte	0
 737 0072 0B       		.uleb128 0xb
 738 0073 0D       		.uleb128 0xd
 739 0074 00       		.byte	0
 740 0075 03       		.uleb128 0x3
 741 0076 08       		.uleb128 0x8
 742 0077 3A       		.uleb128 0x3a
 743 0078 0B       		.uleb128 0xb
 744 0079 3B       		.uleb128 0x3b
 745 007a 0B       		.uleb128 0xb
 746 007b 49       		.uleb128 0x49
 747 007c 13       		.uleb128 0x13
 748 007d 38       		.uleb128 0x38
 749 007e 0B       		.uleb128 0xb
 750 007f 00       		.byte	0
 751 0080 00       		.byte	0
 752 0081 0C       		.uleb128 0xc
 753 0082 0D       		.uleb128 0xd
 754 0083 00       		.byte	0
 755 0084 03       		.uleb128 0x3
 756 0085 0E       		.uleb128 0xe
 757 0086 3A       		.uleb128 0x3a
 758 0087 0B       		.uleb128 0xb
 759 0088 3B       		.uleb128 0x3b
ARM GAS  C:\Users\divya\AppData\Local\Temp\ccB90dsb.s 			page 18


 760 0089 0B       		.uleb128 0xb
 761 008a 49       		.uleb128 0x49
 762 008b 13       		.uleb128 0x13
 763 008c 38       		.uleb128 0x38
 764 008d 0B       		.uleb128 0xb
 765 008e 00       		.byte	0
 766 008f 00       		.byte	0
 767 0090 0D       		.uleb128 0xd
 768 0091 01       		.uleb128 0x1
 769 0092 01       		.byte	0x1
 770 0093 49       		.uleb128 0x49
 771 0094 13       		.uleb128 0x13
 772 0095 01       		.uleb128 0x1
 773 0096 13       		.uleb128 0x13
 774 0097 00       		.byte	0
 775 0098 00       		.byte	0
 776 0099 0E       		.uleb128 0xe
 777 009a 21       		.uleb128 0x21
 778 009b 00       		.byte	0
 779 009c 49       		.uleb128 0x49
 780 009d 13       		.uleb128 0x13
 781 009e 2F       		.uleb128 0x2f
 782 009f 0B       		.uleb128 0xb
 783 00a0 00       		.byte	0
 784 00a1 00       		.byte	0
 785 00a2 0F       		.uleb128 0xf
 786 00a3 2E       		.uleb128 0x2e
 787 00a4 01       		.byte	0x1
 788 00a5 3F       		.uleb128 0x3f
 789 00a6 19       		.uleb128 0x19
 790 00a7 03       		.uleb128 0x3
 791 00a8 0E       		.uleb128 0xe
 792 00a9 3A       		.uleb128 0x3a
 793 00aa 0B       		.uleb128 0xb
 794 00ab 3B       		.uleb128 0x3b
 795 00ac 0B       		.uleb128 0xb
 796 00ad 27       		.uleb128 0x27
 797 00ae 19       		.uleb128 0x19
 798 00af 49       		.uleb128 0x49
 799 00b0 13       		.uleb128 0x13
 800 00b1 8701     		.uleb128 0x87
 801 00b3 19       		.uleb128 0x19
 802 00b4 11       		.uleb128 0x11
 803 00b5 01       		.uleb128 0x1
 804 00b6 12       		.uleb128 0x12
 805 00b7 06       		.uleb128 0x6
 806 00b8 40       		.uleb128 0x40
 807 00b9 18       		.uleb128 0x18
 808 00ba 9742     		.uleb128 0x2117
 809 00bc 19       		.uleb128 0x19
 810 00bd 01       		.uleb128 0x1
 811 00be 13       		.uleb128 0x13
 812 00bf 00       		.byte	0
 813 00c0 00       		.byte	0
 814 00c1 10       		.uleb128 0x10
 815 00c2 34       		.uleb128 0x34
 816 00c3 00       		.byte	0
ARM GAS  C:\Users\divya\AppData\Local\Temp\ccB90dsb.s 			page 19


 817 00c4 03       		.uleb128 0x3
 818 00c5 0E       		.uleb128 0xe
 819 00c6 3A       		.uleb128 0x3a
 820 00c7 0B       		.uleb128 0xb
 821 00c8 3B       		.uleb128 0x3b
 822 00c9 0B       		.uleb128 0xb
 823 00ca 49       		.uleb128 0x49
 824 00cb 13       		.uleb128 0x13
 825 00cc 00       		.byte	0
 826 00cd 00       		.byte	0
 827 00ce 11       		.uleb128 0x11
 828 00cf 34       		.uleb128 0x34
 829 00d0 00       		.byte	0
 830 00d1 03       		.uleb128 0x3
 831 00d2 08       		.uleb128 0x8
 832 00d3 3A       		.uleb128 0x3a
 833 00d4 0B       		.uleb128 0xb
 834 00d5 3B       		.uleb128 0x3b
 835 00d6 0B       		.uleb128 0xb
 836 00d7 49       		.uleb128 0x49
 837 00d8 13       		.uleb128 0x13
 838 00d9 02       		.uleb128 0x2
 839 00da 18       		.uleb128 0x18
 840 00db 00       		.byte	0
 841 00dc 00       		.byte	0
 842 00dd 12       		.uleb128 0x12
 843 00de 34       		.uleb128 0x34
 844 00df 00       		.byte	0
 845 00e0 03       		.uleb128 0x3
 846 00e1 0E       		.uleb128 0xe
 847 00e2 3A       		.uleb128 0x3a
 848 00e3 0B       		.uleb128 0xb
 849 00e4 3B       		.uleb128 0x3b
 850 00e5 0B       		.uleb128 0xb
 851 00e6 49       		.uleb128 0x49
 852 00e7 13       		.uleb128 0x13
 853 00e8 02       		.uleb128 0x2
 854 00e9 18       		.uleb128 0x18
 855 00ea 00       		.byte	0
 856 00eb 00       		.byte	0
 857 00ec 13       		.uleb128 0x13
 858 00ed 0B       		.uleb128 0xb
 859 00ee 01       		.byte	0x1
 860 00ef 11       		.uleb128 0x11
 861 00f0 01       		.uleb128 0x1
 862 00f1 12       		.uleb128 0x12
 863 00f2 06       		.uleb128 0x6
 864 00f3 01       		.uleb128 0x1
 865 00f4 13       		.uleb128 0x13
 866 00f5 00       		.byte	0
 867 00f6 00       		.byte	0
 868 00f7 14       		.uleb128 0x14
 869 00f8 34       		.uleb128 0x34
 870 00f9 00       		.byte	0
 871 00fa 03       		.uleb128 0x3
 872 00fb 08       		.uleb128 0x8
 873 00fc 3A       		.uleb128 0x3a
ARM GAS  C:\Users\divya\AppData\Local\Temp\ccB90dsb.s 			page 20


 874 00fd 0B       		.uleb128 0xb
 875 00fe 3B       		.uleb128 0x3b
 876 00ff 0B       		.uleb128 0xb
 877 0100 49       		.uleb128 0x49
 878 0101 13       		.uleb128 0x13
 879 0102 02       		.uleb128 0x2
 880 0103 17       		.uleb128 0x17
 881 0104 00       		.byte	0
 882 0105 00       		.byte	0
 883 0106 15       		.uleb128 0x15
 884 0107 898201   		.uleb128 0x4109
 885 010a 00       		.byte	0
 886 010b 11       		.uleb128 0x11
 887 010c 01       		.uleb128 0x1
 888 010d 31       		.uleb128 0x31
 889 010e 13       		.uleb128 0x13
 890 010f 00       		.byte	0
 891 0110 00       		.byte	0
 892 0111 16       		.uleb128 0x16
 893 0112 898201   		.uleb128 0x4109
 894 0115 01       		.byte	0x1
 895 0116 11       		.uleb128 0x11
 896 0117 01       		.uleb128 0x1
 897 0118 31       		.uleb128 0x31
 898 0119 13       		.uleb128 0x13
 899 011a 01       		.uleb128 0x1
 900 011b 13       		.uleb128 0x13
 901 011c 00       		.byte	0
 902 011d 00       		.byte	0
 903 011e 17       		.uleb128 0x17
 904 011f 8A8201   		.uleb128 0x410a
 905 0122 00       		.byte	0
 906 0123 02       		.uleb128 0x2
 907 0124 18       		.uleb128 0x18
 908 0125 9142     		.uleb128 0x2111
 909 0127 18       		.uleb128 0x18
 910 0128 00       		.byte	0
 911 0129 00       		.byte	0
 912 012a 18       		.uleb128 0x18
 913 012b 898201   		.uleb128 0x4109
 914 012e 01       		.byte	0x1
 915 012f 11       		.uleb128 0x11
 916 0130 01       		.uleb128 0x1
 917 0131 31       		.uleb128 0x31
 918 0132 13       		.uleb128 0x13
 919 0133 00       		.byte	0
 920 0134 00       		.byte	0
 921 0135 19       		.uleb128 0x19
 922 0136 34       		.uleb128 0x34
 923 0137 00       		.byte	0
 924 0138 03       		.uleb128 0x3
 925 0139 0E       		.uleb128 0xe
 926 013a 3A       		.uleb128 0x3a
 927 013b 0B       		.uleb128 0xb
 928 013c 3B       		.uleb128 0x3b
 929 013d 05       		.uleb128 0x5
 930 013e 49       		.uleb128 0x49
ARM GAS  C:\Users\divya\AppData\Local\Temp\ccB90dsb.s 			page 21


 931 013f 13       		.uleb128 0x13
 932 0140 3F       		.uleb128 0x3f
 933 0141 19       		.uleb128 0x19
 934 0142 3C       		.uleb128 0x3c
 935 0143 19       		.uleb128 0x19
 936 0144 00       		.byte	0
 937 0145 00       		.byte	0
 938 0146 1A       		.uleb128 0x1a
 939 0147 34       		.uleb128 0x34
 940 0148 00       		.byte	0
 941 0149 03       		.uleb128 0x3
 942 014a 0E       		.uleb128 0xe
 943 014b 3A       		.uleb128 0x3a
 944 014c 0B       		.uleb128 0xb
 945 014d 3B       		.uleb128 0x3b
 946 014e 0B       		.uleb128 0xb
 947 014f 49       		.uleb128 0x49
 948 0150 13       		.uleb128 0x13
 949 0151 3F       		.uleb128 0x3f
 950 0152 19       		.uleb128 0x19
 951 0153 02       		.uleb128 0x2
 952 0154 18       		.uleb128 0x18
 953 0155 00       		.byte	0
 954 0156 00       		.byte	0
 955 0157 1B       		.uleb128 0x1b
 956 0158 2E       		.uleb128 0x2e
 957 0159 00       		.byte	0
 958 015a 3F       		.uleb128 0x3f
 959 015b 19       		.uleb128 0x19
 960 015c 3C       		.uleb128 0x3c
 961 015d 19       		.uleb128 0x19
 962 015e 6E       		.uleb128 0x6e
 963 015f 0E       		.uleb128 0xe
 964 0160 03       		.uleb128 0x3
 965 0161 0E       		.uleb128 0xe
 966 0162 3A       		.uleb128 0x3a
 967 0163 0B       		.uleb128 0xb
 968 0164 3B       		.uleb128 0x3b
 969 0165 0B       		.uleb128 0xb
 970 0166 00       		.byte	0
 971 0167 00       		.byte	0
 972 0168 00       		.byte	0
 973              		.section	.debug_loc,"",%progbits
 974              	.Ldebug_loc0:
 975              	.LLST0:
 976 0000 46000000 		.4byte	.LVL5
 977 0004 4A000000 		.4byte	.LVL6
 978 0008 0200     		.2byte	0x2
 979 000a 30       		.byte	0x30
 980 000b 9F       		.byte	0x9f
 981 000c 4A000000 		.4byte	.LVL6
 982 0010 59000000 		.4byte	.LVL8-1
 983 0014 0100     		.2byte	0x1
 984 0016 53       		.byte	0x53
 985 0017 00000000 		.4byte	0
 986 001b 00000000 		.4byte	0
 987              		.section	.debug_aranges,"",%progbits
ARM GAS  C:\Users\divya\AppData\Local\Temp\ccB90dsb.s 			page 22


 988 0000 1C000000 		.4byte	0x1c
 989 0004 0200     		.2byte	0x2
 990 0006 00000000 		.4byte	.Ldebug_info0
 991 000a 04       		.byte	0x4
 992 000b 00       		.byte	0
 993 000c 0000     		.2byte	0
 994 000e 0000     		.2byte	0
 995 0010 00000000 		.4byte	.LFB63
 996 0014 6C000000 		.4byte	.LFE63-.LFB63
 997 0018 00000000 		.4byte	0
 998 001c 00000000 		.4byte	0
 999              		.section	.debug_ranges,"",%progbits
 1000              	.Ldebug_ranges0:
 1001 0000 00000000 		.4byte	.LFB63
 1002 0004 6C000000 		.4byte	.LFE63
 1003 0008 00000000 		.4byte	0
 1004 000c 00000000 		.4byte	0
 1005              		.section	.debug_line,"",%progbits
 1006              	.Ldebug_line0:
 1007 0000 9E010000 		.section	.debug_str,"MS",%progbits,1
 1007      02006601 
 1007      00000201 
 1007      FB0E0D00 
 1007      01010101 
 1008              	.LASF26:
 1009 0000 416E616C 		.ascii	"AnalyzerStatus_t\000"
 1009      797A6572 
 1009      53746174 
 1009      75735F74 
 1009      00
 1010              	.LASF32:
 1011 0011 416E616C 		.ascii	"AnalyzerMode\000"
 1011      797A6572 
 1011      4D6F6465 
 1011      00
 1012              	.LASF49:
 1013 001e 55415254 		.ascii	"UART_LOG_Start\000"
 1013      5F4C4F47 
 1013      5F537461 
 1013      727400
 1014              	.LASF45:
 1015 002d 72657375 		.ascii	"result\000"
 1015      6C7400
 1016              	.LASF29:
 1017 0034 53595354 		.ascii	"SYSTICK\000"
 1017      49434B00 
 1018              	.LASF2:
 1019 003c 73686F72 		.ascii	"short int\000"
 1019      7420696E 
 1019      7400
 1020              	.LASF21:
 1021 0046 73697A65 		.ascii	"sizetype\000"
 1021      74797065 
 1021      00
 1022              	.LASF59:
 1023 004f 6D61696E 		.ascii	"main\000"
 1023      00
ARM GAS  C:\Users\divya\AppData\Local\Temp\ccB90dsb.s 			page 23


 1024              	.LASF8:
 1025 0054 5F5F7569 		.ascii	"__uint32_t\000"
 1025      6E743332 
 1025      5F7400
 1026              	.LASF60:
 1027 005f 5374724D 		.ascii	"StrMsg\000"
 1027      736700
 1028              	.LASF4:
 1029 0066 5F5F7569 		.ascii	"__uint16_t\000"
 1029      6E743136 
 1029      5F7400
 1030              	.LASF47:
 1031 0071 54696D69 		.ascii	"TimingAnalyzer\000"
 1031      6E67416E 
 1031      616C797A 
 1031      657200
 1032              	.LASF40:
 1033 0080 6F757470 		.ascii	"outputPinFunc\000"
 1033      75745069 
 1033      6E46756E 
 1033      6300
 1034              	.LASF13:
 1035 008e 75696E74 		.ascii	"uint8_t\000"
 1035      385F7400 
 1036              	.LASF52:
 1037 0096 54696D65 		.ascii	"Time_Analyzer_Create\000"
 1037      5F416E61 
 1037      6C797A65 
 1037      725F4372 
 1037      65617465 
 1038              	.LASF27:
 1039 00ab 4457545F 		.ascii	"DWT_Cycle_Counter\000"
 1039      4379636C 
 1039      655F436F 
 1039      756E7465 
 1039      7200
 1040              	.LASF17:
 1041 00bd 666C6F61 		.ascii	"float\000"
 1041      7400
 1042              	.LASF10:
 1043 00c3 6C6F6E67 		.ascii	"long long int\000"
 1043      206C6F6E 
 1043      6720696E 
 1043      7400
 1044              	.LASF7:
 1045 00d1 6C6F6E67 		.ascii	"long int\000"
 1045      20696E74 
 1045      00
 1046              	.LASF30:
 1047 00da 53595354 		.ascii	"SYSTICK_Output_Pin\000"
 1047      49434B5F 
 1047      4F757470 
 1047      75745F50 
 1047      696E00
 1048              	.LASF50:
 1049 00ed 74696D69 		.ascii	"timing_Analyzer_init\000"
 1049      6E675F41 
ARM GAS  C:\Users\divya\AppData\Local\Temp\ccB90dsb.s 			page 24


 1049      6E616C79 
 1049      7A65725F 
 1049      696E6974 
 1050              	.LASF38:
 1051 0102 50617573 		.ascii	"PauseCycle\000"
 1051      65437963 
 1051      6C6500
 1052              	.LASF3:
 1053 010d 5F5F7569 		.ascii	"__uint8_t\000"
 1053      6E74385F 
 1053      7400
 1054              	.LASF1:
 1055 0117 756E7369 		.ascii	"unsigned char\000"
 1055      676E6564 
 1055      20636861 
 1055      7200
 1056              	.LASF55:
 1057 0125 416E616C 		.ascii	"Analyzer_printStatus\000"
 1057      797A6572 
 1057      5F707269 
 1057      6E745374 
 1057      61747573 
 1058              	.LASF33:
 1059 013a 6E616D65 		.ascii	"name\000"
 1059      00
 1060              	.LASF43:
 1061 013f 71756F74 		.ascii	"quotient\000"
 1061      69656E74 
 1061      00
 1062              	.LASF44:
 1063 0148 6673756D 		.ascii	"fsum\000"
 1063      00
 1064              	.LASF20:
 1065 014d 6C6F6E67 		.ascii	"long double\000"
 1065      20646F75 
 1065      626C6500 
 1066              	.LASF42:
 1067 0159 70726F64 		.ascii	"product\000"
 1067      75637400 
 1068              	.LASF41:
 1069 0161 416E616C 		.ascii	"Analyzer_t\000"
 1069      797A6572 
 1069      5F7400
 1070              	.LASF28:
 1071 016c 4457545F 		.ascii	"DWT_Cycle_Counter_Output_Pin\000"
 1071      4379636C 
 1071      655F436F 
 1071      756E7465 
 1071      725F4F75 
 1072              	.LASF0:
 1073 0189 7369676E 		.ascii	"signed char\000"
 1073      65642063 
 1073      68617200 
 1074              	.LASF11:
 1075 0195 6C6F6E67 		.ascii	"long long unsigned int\000"
 1075      206C6F6E 
 1075      6720756E 
ARM GAS  C:\Users\divya\AppData\Local\Temp\ccB90dsb.s 			page 25


 1075      7369676E 
 1075      65642069 
 1076              	.LASF16:
 1077 01ac 75696E74 		.ascii	"uint32_t\000"
 1077      33325F74 
 1077      00
 1078              	.LASF12:
 1079 01b5 756E7369 		.ascii	"unsigned int\000"
 1079      676E6564 
 1079      20696E74 
 1079      00
 1080              	.LASF14:
 1081 01c2 75696E74 		.ascii	"uint16_t\000"
 1081      31365F74 
 1081      00
 1082              	.LASF53:
 1083 01cb 416E616C 		.ascii	"Analyzer_Start\000"
 1083      797A6572 
 1083      5F537461 
 1083      727400
 1084              	.LASF23:
 1085 01da 53544154 		.ascii	"STATUS_PAUSED\000"
 1085      55535F50 
 1085      41555345 
 1085      4400
 1086              	.LASF54:
 1087 01e8 416E616C 		.ascii	"Analyzer_Stop\000"
 1087      797A6572 
 1087      5F53746F 
 1087      7000
 1088              	.LASF19:
 1089 01f6 63686172 		.ascii	"char\000"
 1089      00
 1090              	.LASF24:
 1091 01fb 53544154 		.ascii	"STATUS_STOPPED\000"
 1091      55535F53 
 1091      544F5050 
 1091      454400
 1092              	.LASF15:
 1093 020a 696E7433 		.ascii	"int32_t\000"
 1093      325F7400 
 1094              	.LASF5:
 1095 0212 73686F72 		.ascii	"short unsigned int\000"
 1095      7420756E 
 1095      7369676E 
 1095      65642069 
 1095      6E7400
 1096              	.LASF39:
 1097 0225 746F7461 		.ascii	"totalCycle\000"
 1097      6C437963 
 1097      6C6500
 1098              	.LASF31:
 1099 0230 4F757470 		.ascii	"Output_Pin_only\000"
 1099      75745F50 
 1099      696E5F6F 
 1099      6E6C7900 
 1100              	.LASF57:
ARM GAS  C:\Users\divya\AppData\Local\Temp\ccB90dsb.s 			page 26


 1101 0240 6D61696E 		.ascii	"main.c\000"
 1101      2E6300
 1102              	.LASF9:
 1103 0247 6C6F6E67 		.ascii	"long unsigned int\000"
 1103      20756E73 
 1103      69676E65 
 1103      6420696E 
 1103      7400
 1104              	.LASF18:
 1105 0259 646F7562 		.ascii	"double\000"
 1105      6C6500
 1106              	.LASF6:
 1107 0260 5F5F696E 		.ascii	"__int32_t\000"
 1107      7433325F 
 1107      7400
 1108              	.LASF35:
 1109 026a 53746174 		.ascii	"Status\000"
 1109      757300
 1110              	.LASF48:
 1111 0271 54696D69 		.ascii	"TimingAnalyzer1\000"
 1111      6E67416E 
 1111      616C797A 
 1111      65723100 
 1112              	.LASF58:
 1113 0281 433A5C55 		.ascii	"C:\\Users\\divya\\Documents\\PSoC Creator\\AMA_LAB1"
 1113      73657273 
 1113      5C646976 
 1113      79615C44 
 1113      6F63756D 
 1114 02af 5C54696D 		.ascii	"\\Timing_Analysis.cydsn\000"
 1114      696E675F 
 1114      416E616C 
 1114      79736973 
 1114      2E637964 
 1115              	.LASF34:
 1116 02c6 4D6F6465 		.ascii	"Mode\000"
 1116      00
 1117              	.LASF25:
 1118 02cb 53544154 		.ascii	"STATUS_RESUME\000"
 1118      55535F52 
 1118      4553554D 
 1118      4500
 1119              	.LASF37:
 1120 02d9 53746172 		.ascii	"StartCount\000"
 1120      74436F75 
 1120      6E7400
 1121              	.LASF46:
 1122 02e4 49544D5F 		.ascii	"ITM_RxBuffer\000"
 1122      52784275 
 1122      66666572 
 1122      00
 1123              	.LASF56:
 1124 02f1 474E5520 		.ascii	"GNU C11 5.4.1 20160609 (release) [ARM/embedded-5-br"
 1124      43313120 
 1124      352E342E 
 1124      31203230 
 1124      31363036 
ARM GAS  C:\Users\divya\AppData\Local\Temp\ccB90dsb.s 			page 27


 1125 0324 616E6368 		.ascii	"anch revision 237715] -mcpu=cortex-m3 -mthumb -g -O"
 1125      20726576 
 1125      6973696F 
 1125      6E203233 
 1125      37373135 
 1126 0357 67202D66 		.ascii	"g -ffunction-sections -ffat-lto-objects\000"
 1126      66756E63 
 1126      74696F6E 
 1126      2D736563 
 1126      74696F6E 
 1127              	.LASF51:
 1128 037f 43794465 		.ascii	"CyDelay\000"
 1128      6C617900 
 1129              	.LASF22:
 1130 0387 53544154 		.ascii	"STATUS_RUNNING\000"
 1130      55535F52 
 1130      554E4E49 
 1130      4E4700
 1131              	.LASF36:
 1132 0396 53746F70 		.ascii	"StopCount\000"
 1132      436F756E 
 1132      7400
 1133              		.ident	"GCC: (GNU Tools for ARM Embedded Processors) 5.4.1 20160609 (release) [ARM/embedded-5-bran
