ARM GAS  C:\Users\divya\AppData\Local\Temp\ccXrMkei.s 			page 1


   1              		.syntax unified
   2              		.cpu cortex-m3
   3              		.fpu softvfp
   4              		.eabi_attribute 20, 1
   5              		.eabi_attribute 21, 1
   6              		.eabi_attribute 23, 3
   7              		.eabi_attribute 24, 1
   8              		.eabi_attribute 25, 1
   9              		.eabi_attribute 26, 1
  10              		.eabi_attribute 30, 1
  11              		.eabi_attribute 34, 1
  12              		.eabi_attribute 18, 4
  13              		.thumb
  14              		.syntax unified
  15              		.file	"untitled01.c"
  16              		.text
  17              	.Ltext0:
  18              		.cfi_sections	.debug_frame
  19              		.section	.text.ini_DWT,"ax",%progbits
  20              		.align	2
  21              		.global	ini_DWT
  22              		.thumb
  23              		.thumb_func
  24              		.type	ini_DWT, %function
  25              	ini_DWT:
  26              	.LFB63:
  27              		.file 1 "untitled01.c"
   1:untitled01.c  **** /* ========================================
   2:untitled01.c  ****  *
   3:untitled01.c  ****  * Copyright YOUR COMPANY, THE YEAR
   4:untitled01.c  ****  * All Rights Reserved
   5:untitled01.c  ****  * UNPUBLISHED, LICENSED SOFTWARE.
   6:untitled01.c  ****  *
   7:untitled01.c  ****  * CONFIDENTIAL AND PROPRIETARY INFORMATION
   8:untitled01.c  ****  * WHICH IS THE PROPERTY OF your company.
   9:untitled01.c  ****  *
  10:untitled01.c  ****  * ========================================
  11:untitled01.c  **** */
  12:untitled01.c  **** 
  13:untitled01.c  **** /* [] END OF FILE */
  14:untitled01.c  **** #include "project.h"
  15:untitled01.c  **** //Function to enable the DWT 
  16:untitled01.c  **** void ini_DWT()
  17:untitled01.c  **** {
  28              		.loc 1 17 0
  29              		.cfi_startproc
  30              		@ args = 0, pretend = 0, frame = 0
  31              		@ frame_needed = 0, uses_anonymous_args = 0
  32              		@ link register save eliminated.
  18:untitled01.c  ****  CoreDebug->DEMCR |= CoreDebug_DEMCR_TRCENA_Msk;
  33              		.loc 1 18 0
  34 0000 064A     		ldr	r2, .L2
  35 0002 D368     		ldr	r3, [r2, #12]
  36 0004 43F08073 		orr	r3, r3, #16777216
  37 0008 D360     		str	r3, [r2, #12]
  19:untitled01.c  ****     DWT->CTRL |= DWT_CTRL_CYCCNTENA_Msk;
  38              		.loc 1 19 0
ARM GAS  C:\Users\divya\AppData\Local\Temp\ccXrMkei.s 			page 2


  39 000a 054B     		ldr	r3, .L2+4
  40 000c 1A68     		ldr	r2, [r3]
  41 000e 42F00102 		orr	r2, r2, #1
  42 0012 1A60     		str	r2, [r3]
  20:untitled01.c  ****     DWT->CYCCNT = 0;
  43              		.loc 1 20 0
  44 0014 0022     		movs	r2, #0
  45 0016 5A60     		str	r2, [r3, #4]
  46 0018 7047     		bx	lr
  47              	.L3:
  48 001a 00BF     		.align	2
  49              	.L2:
  50 001c F0ED00E0 		.word	-536810000
  51 0020 001000E0 		.word	-536866816
  52              		.cfi_endproc
  53              	.LFE63:
  54              		.size	ini_DWT, .-ini_DWT
  55              		.text
  56              	.Letext0:
  57              		.file 2 "c:\\program files (x86)\\cypress\\psoc creator\\4.4\\psoc creator\\import\\gnu\\arm\\5.4.
  58              		.file 3 "c:\\program files (x86)\\cypress\\psoc creator\\4.4\\psoc creator\\import\\gnu\\arm\\5.4.
  59              		.file 4 "Generated_Source\\PSoC5/core_cm3.h"
  60              		.section	.debug_info,"",%progbits
  61              	.Ldebug_info0:
  62 0000 7E020000 		.4byte	0x27e
  63 0004 0400     		.2byte	0x4
  64 0006 00000000 		.4byte	.Ldebug_abbrev0
  65 000a 04       		.byte	0x4
  66 000b 01       		.uleb128 0x1
  67 000c 78000000 		.4byte	.LASF47
  68 0010 0C       		.byte	0xc
  69 0011 3A020000 		.4byte	.LASF48
  70 0015 6E010000 		.4byte	.LASF49
  71 0019 00000000 		.4byte	.Ldebug_ranges0+0
  72 001d 00000000 		.4byte	0
  73 0021 00000000 		.4byte	.Ldebug_line0
  74 0025 02       		.uleb128 0x2
  75 0026 01       		.byte	0x1
  76 0027 06       		.byte	0x6
  77 0028 65020000 		.4byte	.LASF0
  78 002c 02       		.uleb128 0x2
  79 002d 01       		.byte	0x1
  80 002e 08       		.byte	0x8
  81 002f 6A000000 		.4byte	.LASF1
  82 0033 02       		.uleb128 0x2
  83 0034 02       		.byte	0x2
  84 0035 05       		.byte	0x5
  85 0036 BA010000 		.4byte	.LASF2
  86 003a 02       		.uleb128 0x2
  87 003b 02       		.byte	0x2
  88 003c 07       		.byte	0x7
  89 003d 2A010000 		.4byte	.LASF3
  90 0041 03       		.uleb128 0x3
  91 0042 05000000 		.4byte	.LASF5
  92 0046 02       		.byte	0x2
  93 0047 3F       		.byte	0x3f
  94 0048 4C000000 		.4byte	0x4c
ARM GAS  C:\Users\divya\AppData\Local\Temp\ccXrMkei.s 			page 3


  95 004c 02       		.uleb128 0x2
  96 004d 04       		.byte	0x4
  97 004e 05       		.byte	0x5
  98 004f 50020000 		.4byte	.LASF4
  99 0053 03       		.uleb128 0x3
 100 0054 0D010000 		.4byte	.LASF6
 101 0058 02       		.byte	0x2
 102 0059 41       		.byte	0x41
 103 005a 5E000000 		.4byte	0x5e
 104 005e 02       		.uleb128 0x2
 105 005f 04       		.byte	0x4
 106 0060 07       		.byte	0x7
 107 0061 18010000 		.4byte	.LASF7
 108 0065 02       		.uleb128 0x2
 109 0066 08       		.byte	0x8
 110 0067 05       		.byte	0x5
 111 0068 18020000 		.4byte	.LASF8
 112 006c 02       		.uleb128 0x2
 113 006d 08       		.byte	0x8
 114 006e 07       		.byte	0x7
 115 006f DE010000 		.4byte	.LASF9
 116 0073 04       		.uleb128 0x4
 117 0074 04       		.byte	0x4
 118 0075 05       		.byte	0x5
 119 0076 696E7400 		.ascii	"int\000"
 120 007a 02       		.uleb128 0x2
 121 007b 04       		.byte	0x4
 122 007c 07       		.byte	0x7
 123 007d D1010000 		.4byte	.LASF10
 124 0081 03       		.uleb128 0x3
 125 0082 07020000 		.4byte	.LASF11
 126 0086 03       		.byte	0x3
 127 0087 2C       		.byte	0x2c
 128 0088 41000000 		.4byte	0x41
 129 008c 03       		.uleb128 0x3
 130 008d 47020000 		.4byte	.LASF12
 131 0091 03       		.byte	0x3
 132 0092 30       		.byte	0x30
 133 0093 53000000 		.4byte	0x53
 134 0097 02       		.uleb128 0x2
 135 0098 04       		.byte	0x4
 136 0099 04       		.byte	0x4
 137 009a 4C000000 		.4byte	.LASF13
 138 009e 02       		.uleb128 0x2
 139 009f 08       		.byte	0x8
 140 00a0 04       		.byte	0x4
 141 00a1 B3010000 		.4byte	.LASF14
 142 00a5 02       		.uleb128 0x2
 143 00a6 01       		.byte	0x1
 144 00a7 08       		.byte	0x8
 145 00a8 26020000 		.4byte	.LASF15
 146 00ac 02       		.uleb128 0x2
 147 00ad 04       		.byte	0x4
 148 00ae 07       		.byte	0x7
 149 00af 0F020000 		.4byte	.LASF16
 150 00b3 05       		.uleb128 0x5
 151 00b4 8C000000 		.4byte	0x8c
ARM GAS  C:\Users\divya\AppData\Local\Temp\ccXrMkei.s 			page 4


 152 00b8 06       		.uleb128 0x6
 153 00b9 B3000000 		.4byte	0xb3
 154 00bd 07       		.uleb128 0x7
 155 00be 8C000000 		.4byte	0x8c
 156 00c2 CD000000 		.4byte	0xcd
 157 00c6 08       		.uleb128 0x8
 158 00c7 AC000000 		.4byte	0xac
 159 00cb 00       		.byte	0
 160 00cc 00       		.byte	0
 161 00cd 09       		.uleb128 0x9
 162 00ce 5C       		.byte	0x5c
 163 00cf 04       		.byte	0x4
 164 00d0 4F03     		.2byte	0x34f
 165 00d2 02020000 		.4byte	0x202
 166 00d6 0A       		.uleb128 0xa
 167 00d7 FB010000 		.4byte	.LASF17
 168 00db 04       		.byte	0x4
 169 00dc 5103     		.2byte	0x351
 170 00de B3000000 		.4byte	0xb3
 171 00e2 00       		.byte	0
 172 00e3 0A       		.uleb128 0xa
 173 00e4 06010000 		.4byte	.LASF18
 174 00e8 04       		.byte	0x4
 175 00e9 5203     		.2byte	0x352
 176 00eb B3000000 		.4byte	0xb3
 177 00ef 04       		.byte	0x4
 178 00f0 0A       		.uleb128 0xa
 179 00f1 4C010000 		.4byte	.LASF19
 180 00f5 04       		.byte	0x4
 181 00f6 5303     		.2byte	0x353
 182 00f8 B3000000 		.4byte	0xb3
 183 00fc 08       		.byte	0x8
 184 00fd 0A       		.uleb128 0xa
 185 00fe 00020000 		.4byte	.LASF20
 186 0102 04       		.byte	0x4
 187 0103 5403     		.2byte	0x354
 188 0105 B3000000 		.4byte	0xb3
 189 0109 0C       		.byte	0xc
 190 010a 0A       		.uleb128 0xa
 191 010b 43000000 		.4byte	.LASF21
 192 010f 04       		.byte	0x4
 193 0110 5503     		.2byte	0x355
 194 0112 B3000000 		.4byte	0xb3
 195 0116 10       		.byte	0x10
 196 0117 0A       		.uleb128 0xa
 197 0118 C4010000 		.4byte	.LASF22
 198 011c 04       		.byte	0x4
 199 011d 5603     		.2byte	0x356
 200 011f B3000000 		.4byte	0xb3
 201 0123 14       		.byte	0x14
 202 0124 0A       		.uleb128 0xa
 203 0125 66010000 		.4byte	.LASF23
 204 0129 04       		.byte	0x4
 205 012a 5703     		.2byte	0x357
 206 012c B3000000 		.4byte	0xb3
 207 0130 18       		.byte	0x18
 208 0131 0A       		.uleb128 0xa
ARM GAS  C:\Users\divya\AppData\Local\Temp\ccXrMkei.s 			page 5


 209 0132 00000000 		.4byte	.LASF24
 210 0136 04       		.byte	0x4
 211 0137 5803     		.2byte	0x358
 212 0139 B8000000 		.4byte	0xb8
 213 013d 1C       		.byte	0x1c
 214 013e 0A       		.uleb128 0xa
 215 013f 52000000 		.4byte	.LASF25
 216 0143 04       		.byte	0x4
 217 0144 5903     		.2byte	0x359
 218 0146 B3000000 		.4byte	0xb3
 219 014a 20       		.byte	0x20
 220 014b 0A       		.uleb128 0xa
 221 014c 17000000 		.4byte	.LASF26
 222 0150 04       		.byte	0x4
 223 0151 5A03     		.2byte	0x35a
 224 0153 B3000000 		.4byte	0xb3
 225 0157 24       		.byte	0x24
 226 0158 0A       		.uleb128 0xa
 227 0159 7B020000 		.4byte	.LASF27
 228 015d 04       		.byte	0x4
 229 015e 5B03     		.2byte	0x35b
 230 0160 B3000000 		.4byte	0xb3
 231 0164 28       		.byte	0x28
 232 0165 0A       		.uleb128 0xa
 233 0166 71020000 		.4byte	.LASF28
 234 016a 04       		.byte	0x4
 235 016b 5C03     		.2byte	0x35c
 236 016d BD000000 		.4byte	0xbd
 237 0171 2C       		.byte	0x2c
 238 0172 0A       		.uleb128 0xa
 239 0173 58000000 		.4byte	.LASF29
 240 0177 04       		.byte	0x4
 241 0178 5D03     		.2byte	0x35d
 242 017a B3000000 		.4byte	0xb3
 243 017e 30       		.byte	0x30
 244 017f 0A       		.uleb128 0xa
 245 0180 1D000000 		.4byte	.LASF30
 246 0184 04       		.byte	0x4
 247 0185 5E03     		.2byte	0x35e
 248 0187 B3000000 		.4byte	0xb3
 249 018b 34       		.byte	0x34
 250 018c 0A       		.uleb128 0xa
 251 018d 85020000 		.4byte	.LASF31
 252 0191 04       		.byte	0x4
 253 0192 5F03     		.2byte	0x35f
 254 0194 B3000000 		.4byte	0xb3
 255 0198 38       		.byte	0x38
 256 0199 0A       		.uleb128 0xa
 257 019a 2F000000 		.4byte	.LASF32
 258 019e 04       		.byte	0x4
 259 019f 6003     		.2byte	0x360
 260 01a1 BD000000 		.4byte	0xbd
 261 01a5 3C       		.byte	0x3c
 262 01a6 0A       		.uleb128 0xa
 263 01a7 5E000000 		.4byte	.LASF33
 264 01ab 04       		.byte	0x4
 265 01ac 6103     		.2byte	0x361
ARM GAS  C:\Users\divya\AppData\Local\Temp\ccXrMkei.s 			page 6


 266 01ae B3000000 		.4byte	0xb3
 267 01b2 40       		.byte	0x40
 268 01b3 0A       		.uleb128 0xa
 269 01b4 23000000 		.4byte	.LASF34
 270 01b8 04       		.byte	0x4
 271 01b9 6203     		.2byte	0x362
 272 01bb B3000000 		.4byte	0xb3
 273 01bf 44       		.byte	0x44
 274 01c0 0A       		.uleb128 0xa
 275 01c1 8F020000 		.4byte	.LASF35
 276 01c5 04       		.byte	0x4
 277 01c6 6303     		.2byte	0x363
 278 01c8 B3000000 		.4byte	0xb3
 279 01cc 48       		.byte	0x48
 280 01cd 0A       		.uleb128 0xa
 281 01ce 39000000 		.4byte	.LASF36
 282 01d2 04       		.byte	0x4
 283 01d3 6403     		.2byte	0x364
 284 01d5 BD000000 		.4byte	0xbd
 285 01d9 4C       		.byte	0x4c
 286 01da 0A       		.uleb128 0xa
 287 01db 64000000 		.4byte	.LASF37
 288 01df 04       		.byte	0x4
 289 01e0 6503     		.2byte	0x365
 290 01e2 B3000000 		.4byte	0xb3
 291 01e6 50       		.byte	0x50
 292 01e7 0A       		.uleb128 0xa
 293 01e8 29000000 		.4byte	.LASF38
 294 01ec 04       		.byte	0x4
 295 01ed 6603     		.2byte	0x366
 296 01ef B3000000 		.4byte	0xb3
 297 01f3 54       		.byte	0x54
 298 01f4 0A       		.uleb128 0xa
 299 01f5 99020000 		.4byte	.LASF39
 300 01f9 04       		.byte	0x4
 301 01fa 6703     		.2byte	0x367
 302 01fc B3000000 		.4byte	0xb3
 303 0200 58       		.byte	0x58
 304 0201 00       		.byte	0
 305 0202 0B       		.uleb128 0xb
 306 0203 2B020000 		.4byte	.LASF40
 307 0207 04       		.byte	0x4
 308 0208 6803     		.2byte	0x368
 309 020a CD000000 		.4byte	0xcd
 310 020e 09       		.uleb128 0x9
 311 020f 10       		.byte	0x10
 312 0210 04       		.byte	0x4
 313 0211 DC04     		.2byte	0x4dc
 314 0213 4C020000 		.4byte	0x24c
 315 0217 0A       		.uleb128 0xa
 316 0218 60010000 		.4byte	.LASF41
 317 021c 04       		.byte	0x4
 318 021d DE04     		.2byte	0x4de
 319 021f B3000000 		.4byte	0xb3
 320 0223 00       		.byte	0
 321 0224 0A       		.uleb128 0xa
 322 0225 CB010000 		.4byte	.LASF42
ARM GAS  C:\Users\divya\AppData\Local\Temp\ccXrMkei.s 			page 7


 323 0229 04       		.byte	0x4
 324 022a DF04     		.2byte	0x4df
 325 022c B3000000 		.4byte	0xb3
 326 0230 04       		.byte	0x4
 327 0231 0A       		.uleb128 0xa
 328 0232 F5010000 		.4byte	.LASF43
 329 0236 04       		.byte	0x4
 330 0237 E004     		.2byte	0x4e0
 331 0239 B3000000 		.4byte	0xb3
 332 023d 08       		.byte	0x8
 333 023e 0A       		.uleb128 0xa
 334 023f 34020000 		.4byte	.LASF44
 335 0243 04       		.byte	0x4
 336 0244 E104     		.2byte	0x4e1
 337 0246 B3000000 		.4byte	0xb3
 338 024a 0C       		.byte	0xc
 339 024b 00       		.byte	0
 340 024c 0B       		.uleb128 0xb
 341 024d 3D010000 		.4byte	.LASF45
 342 0251 04       		.byte	0x4
 343 0252 E204     		.2byte	0x4e2
 344 0254 0E020000 		.4byte	0x20e
 345 0258 02       		.uleb128 0x2
 346 0259 08       		.byte	0x8
 347 025a 04       		.byte	0x4
 348 025b 59020000 		.4byte	.LASF46
 349 025f 0C       		.uleb128 0xc
 350 0260 0F000000 		.4byte	.LASF50
 351 0264 01       		.byte	0x1
 352 0265 10       		.byte	0x10
 353 0266 00000000 		.4byte	.LFB63
 354 026a 24000000 		.4byte	.LFE63-.LFB63
 355 026e 01       		.uleb128 0x1
 356 026f 9C       		.byte	0x9c
 357 0270 0D       		.uleb128 0xd
 358 0271 53010000 		.4byte	.LASF51
 359 0275 04       		.byte	0x4
 360 0276 1207     		.2byte	0x712
 361 0278 7C020000 		.4byte	0x27c
 362 027c 05       		.uleb128 0x5
 363 027d 81000000 		.4byte	0x81
 364 0281 00       		.byte	0
 365              		.section	.debug_abbrev,"",%progbits
 366              	.Ldebug_abbrev0:
 367 0000 01       		.uleb128 0x1
 368 0001 11       		.uleb128 0x11
 369 0002 01       		.byte	0x1
 370 0003 25       		.uleb128 0x25
 371 0004 0E       		.uleb128 0xe
 372 0005 13       		.uleb128 0x13
 373 0006 0B       		.uleb128 0xb
 374 0007 03       		.uleb128 0x3
 375 0008 0E       		.uleb128 0xe
 376 0009 1B       		.uleb128 0x1b
 377 000a 0E       		.uleb128 0xe
 378 000b 55       		.uleb128 0x55
 379 000c 17       		.uleb128 0x17
ARM GAS  C:\Users\divya\AppData\Local\Temp\ccXrMkei.s 			page 8


 380 000d 11       		.uleb128 0x11
 381 000e 01       		.uleb128 0x1
 382 000f 10       		.uleb128 0x10
 383 0010 17       		.uleb128 0x17
 384 0011 00       		.byte	0
 385 0012 00       		.byte	0
 386 0013 02       		.uleb128 0x2
 387 0014 24       		.uleb128 0x24
 388 0015 00       		.byte	0
 389 0016 0B       		.uleb128 0xb
 390 0017 0B       		.uleb128 0xb
 391 0018 3E       		.uleb128 0x3e
 392 0019 0B       		.uleb128 0xb
 393 001a 03       		.uleb128 0x3
 394 001b 0E       		.uleb128 0xe
 395 001c 00       		.byte	0
 396 001d 00       		.byte	0
 397 001e 03       		.uleb128 0x3
 398 001f 16       		.uleb128 0x16
 399 0020 00       		.byte	0
 400 0021 03       		.uleb128 0x3
 401 0022 0E       		.uleb128 0xe
 402 0023 3A       		.uleb128 0x3a
 403 0024 0B       		.uleb128 0xb
 404 0025 3B       		.uleb128 0x3b
 405 0026 0B       		.uleb128 0xb
 406 0027 49       		.uleb128 0x49
 407 0028 13       		.uleb128 0x13
 408 0029 00       		.byte	0
 409 002a 00       		.byte	0
 410 002b 04       		.uleb128 0x4
 411 002c 24       		.uleb128 0x24
 412 002d 00       		.byte	0
 413 002e 0B       		.uleb128 0xb
 414 002f 0B       		.uleb128 0xb
 415 0030 3E       		.uleb128 0x3e
 416 0031 0B       		.uleb128 0xb
 417 0032 03       		.uleb128 0x3
 418 0033 08       		.uleb128 0x8
 419 0034 00       		.byte	0
 420 0035 00       		.byte	0
 421 0036 05       		.uleb128 0x5
 422 0037 35       		.uleb128 0x35
 423 0038 00       		.byte	0
 424 0039 49       		.uleb128 0x49
 425 003a 13       		.uleb128 0x13
 426 003b 00       		.byte	0
 427 003c 00       		.byte	0
 428 003d 06       		.uleb128 0x6
 429 003e 26       		.uleb128 0x26
 430 003f 00       		.byte	0
 431 0040 49       		.uleb128 0x49
 432 0041 13       		.uleb128 0x13
 433 0042 00       		.byte	0
 434 0043 00       		.byte	0
 435 0044 07       		.uleb128 0x7
 436 0045 01       		.uleb128 0x1
ARM GAS  C:\Users\divya\AppData\Local\Temp\ccXrMkei.s 			page 9


 437 0046 01       		.byte	0x1
 438 0047 49       		.uleb128 0x49
 439 0048 13       		.uleb128 0x13
 440 0049 01       		.uleb128 0x1
 441 004a 13       		.uleb128 0x13
 442 004b 00       		.byte	0
 443 004c 00       		.byte	0
 444 004d 08       		.uleb128 0x8
 445 004e 21       		.uleb128 0x21
 446 004f 00       		.byte	0
 447 0050 49       		.uleb128 0x49
 448 0051 13       		.uleb128 0x13
 449 0052 2F       		.uleb128 0x2f
 450 0053 0B       		.uleb128 0xb
 451 0054 00       		.byte	0
 452 0055 00       		.byte	0
 453 0056 09       		.uleb128 0x9
 454 0057 13       		.uleb128 0x13
 455 0058 01       		.byte	0x1
 456 0059 0B       		.uleb128 0xb
 457 005a 0B       		.uleb128 0xb
 458 005b 3A       		.uleb128 0x3a
 459 005c 0B       		.uleb128 0xb
 460 005d 3B       		.uleb128 0x3b
 461 005e 05       		.uleb128 0x5
 462 005f 01       		.uleb128 0x1
 463 0060 13       		.uleb128 0x13
 464 0061 00       		.byte	0
 465 0062 00       		.byte	0
 466 0063 0A       		.uleb128 0xa
 467 0064 0D       		.uleb128 0xd
 468 0065 00       		.byte	0
 469 0066 03       		.uleb128 0x3
 470 0067 0E       		.uleb128 0xe
 471 0068 3A       		.uleb128 0x3a
 472 0069 0B       		.uleb128 0xb
 473 006a 3B       		.uleb128 0x3b
 474 006b 05       		.uleb128 0x5
 475 006c 49       		.uleb128 0x49
 476 006d 13       		.uleb128 0x13
 477 006e 38       		.uleb128 0x38
 478 006f 0B       		.uleb128 0xb
 479 0070 00       		.byte	0
 480 0071 00       		.byte	0
 481 0072 0B       		.uleb128 0xb
 482 0073 16       		.uleb128 0x16
 483 0074 00       		.byte	0
 484 0075 03       		.uleb128 0x3
 485 0076 0E       		.uleb128 0xe
 486 0077 3A       		.uleb128 0x3a
 487 0078 0B       		.uleb128 0xb
 488 0079 3B       		.uleb128 0x3b
 489 007a 05       		.uleb128 0x5
 490 007b 49       		.uleb128 0x49
 491 007c 13       		.uleb128 0x13
 492 007d 00       		.byte	0
 493 007e 00       		.byte	0
ARM GAS  C:\Users\divya\AppData\Local\Temp\ccXrMkei.s 			page 10


 494 007f 0C       		.uleb128 0xc
 495 0080 2E       		.uleb128 0x2e
 496 0081 00       		.byte	0
 497 0082 3F       		.uleb128 0x3f
 498 0083 19       		.uleb128 0x19
 499 0084 03       		.uleb128 0x3
 500 0085 0E       		.uleb128 0xe
 501 0086 3A       		.uleb128 0x3a
 502 0087 0B       		.uleb128 0xb
 503 0088 3B       		.uleb128 0x3b
 504 0089 0B       		.uleb128 0xb
 505 008a 11       		.uleb128 0x11
 506 008b 01       		.uleb128 0x1
 507 008c 12       		.uleb128 0x12
 508 008d 06       		.uleb128 0x6
 509 008e 40       		.uleb128 0x40
 510 008f 18       		.uleb128 0x18
 511 0090 9742     		.uleb128 0x2117
 512 0092 19       		.uleb128 0x19
 513 0093 00       		.byte	0
 514 0094 00       		.byte	0
 515 0095 0D       		.uleb128 0xd
 516 0096 34       		.uleb128 0x34
 517 0097 00       		.byte	0
 518 0098 03       		.uleb128 0x3
 519 0099 0E       		.uleb128 0xe
 520 009a 3A       		.uleb128 0x3a
 521 009b 0B       		.uleb128 0xb
 522 009c 3B       		.uleb128 0x3b
 523 009d 05       		.uleb128 0x5
 524 009e 49       		.uleb128 0x49
 525 009f 13       		.uleb128 0x13
 526 00a0 3F       		.uleb128 0x3f
 527 00a1 19       		.uleb128 0x19
 528 00a2 3C       		.uleb128 0x3c
 529 00a3 19       		.uleb128 0x19
 530 00a4 00       		.byte	0
 531 00a5 00       		.byte	0
 532 00a6 00       		.byte	0
 533              		.section	.debug_aranges,"",%progbits
 534 0000 1C000000 		.4byte	0x1c
 535 0004 0200     		.2byte	0x2
 536 0006 00000000 		.4byte	.Ldebug_info0
 537 000a 04       		.byte	0x4
 538 000b 00       		.byte	0
 539 000c 0000     		.2byte	0
 540 000e 0000     		.2byte	0
 541 0010 00000000 		.4byte	.LFB63
 542 0014 24000000 		.4byte	.LFE63-.LFB63
 543 0018 00000000 		.4byte	0
 544 001c 00000000 		.4byte	0
 545              		.section	.debug_ranges,"",%progbits
 546              	.Ldebug_ranges0:
 547 0000 00000000 		.4byte	.LFB63
 548 0004 24000000 		.4byte	.LFE63
 549 0008 00000000 		.4byte	0
 550 000c 00000000 		.4byte	0
ARM GAS  C:\Users\divya\AppData\Local\Temp\ccXrMkei.s 			page 11


 551              		.section	.debug_line,"",%progbits
 552              	.Ldebug_line0:
 553 0000 5D010000 		.section	.debug_str,"MS",%progbits,1
 553      02004501 
 553      00000201 
 553      FB0E0D00 
 553      01010101 
 554              	.LASF24:
 555 0000 50435352 		.ascii	"PCSR\000"
 555      00
 556              	.LASF5:
 557 0005 5F5F696E 		.ascii	"__int32_t\000"
 557      7433325F 
 557      7400
 558              	.LASF50:
 559 000f 696E695F 		.ascii	"ini_DWT\000"
 559      44575400 
 560              	.LASF26:
 561 0017 4D41534B 		.ascii	"MASK0\000"
 561      3000
 562              	.LASF30:
 563 001d 4D41534B 		.ascii	"MASK1\000"
 563      3100
 564              	.LASF34:
 565 0023 4D41534B 		.ascii	"MASK2\000"
 565      3200
 566              	.LASF38:
 567 0029 4D41534B 		.ascii	"MASK3\000"
 567      3300
 568              	.LASF32:
 569 002f 52455345 		.ascii	"RESERVED1\000"
 569      52564544 
 569      3100
 570              	.LASF36:
 571 0039 52455345 		.ascii	"RESERVED2\000"
 571      52564544 
 571      3200
 572              	.LASF21:
 573 0043 534C4545 		.ascii	"SLEEPCNT\000"
 573      50434E54 
 573      00
 574              	.LASF13:
 575 004c 666C6F61 		.ascii	"float\000"
 575      7400
 576              	.LASF25:
 577 0052 434F4D50 		.ascii	"COMP0\000"
 577      3000
 578              	.LASF29:
 579 0058 434F4D50 		.ascii	"COMP1\000"
 579      3100
 580              	.LASF33:
 581 005e 434F4D50 		.ascii	"COMP2\000"
 581      3200
 582              	.LASF37:
 583 0064 434F4D50 		.ascii	"COMP3\000"
 583      3300
 584              	.LASF1:
ARM GAS  C:\Users\divya\AppData\Local\Temp\ccXrMkei.s 			page 12


 585 006a 756E7369 		.ascii	"unsigned char\000"
 585      676E6564 
 585      20636861 
 585      7200
 586              	.LASF47:
 587 0078 474E5520 		.ascii	"GNU C11 5.4.1 20160609 (release) [ARM/embedded-5-br"
 587      43313120 
 587      352E342E 
 587      31203230 
 587      31363036 
 588 00ab 616E6368 		.ascii	"anch revision 237715] -mcpu=cortex-m3 -mthumb -g -O"
 588      20726576 
 588      6973696F 
 588      6E203233 
 588      37373135 
 589 00de 67202D66 		.ascii	"g -ffunction-sections -ffat-lto-objects\000"
 589      66756E63 
 589      74696F6E 
 589      2D736563 
 589      74696F6E 
 590              	.LASF18:
 591 0106 43594343 		.ascii	"CYCCNT\000"
 591      4E5400
 592              	.LASF6:
 593 010d 5F5F7569 		.ascii	"__uint32_t\000"
 593      6E743332 
 593      5F7400
 594              	.LASF7:
 595 0118 6C6F6E67 		.ascii	"long unsigned int\000"
 595      20756E73 
 595      69676E65 
 595      6420696E 
 595      7400
 596              	.LASF3:
 597 012a 73686F72 		.ascii	"short unsigned int\000"
 597      7420756E 
 597      7369676E 
 597      65642069 
 597      6E7400
 598              	.LASF45:
 599 013d 436F7265 		.ascii	"CoreDebug_Type\000"
 599      44656275 
 599      675F5479 
 599      706500
 600              	.LASF19:
 601 014c 43504943 		.ascii	"CPICNT\000"
 601      4E5400
 602              	.LASF51:
 603 0153 49544D5F 		.ascii	"ITM_RxBuffer\000"
 603      52784275 
 603      66666572 
 603      00
 604              	.LASF41:
 605 0160 44484353 		.ascii	"DHCSR\000"
 605      5200
 606              	.LASF23:
 607 0166 464F4C44 		.ascii	"FOLDCNT\000"
ARM GAS  C:\Users\divya\AppData\Local\Temp\ccXrMkei.s 			page 13


 607      434E5400 
 608              	.LASF49:
 609 016e 433A5C55 		.ascii	"C:\\Users\\divya\\Documents\\PSoC Creator\\AMA_LAB1"
 609      73657273 
 609      5C646976 
 609      79615C44 
 609      6F63756D 
 610 019c 5C54696D 		.ascii	"\\Timing_Analysis.cydsn\000"
 610      696E675F 
 610      416E616C 
 610      79736973 
 610      2E637964 
 611              	.LASF14:
 612 01b3 646F7562 		.ascii	"double\000"
 612      6C6500
 613              	.LASF2:
 614 01ba 73686F72 		.ascii	"short int\000"
 614      7420696E 
 614      7400
 615              	.LASF22:
 616 01c4 4C535543 		.ascii	"LSUCNT\000"
 616      4E5400
 617              	.LASF42:
 618 01cb 44435253 		.ascii	"DCRSR\000"
 618      5200
 619              	.LASF10:
 620 01d1 756E7369 		.ascii	"unsigned int\000"
 620      676E6564 
 620      20696E74 
 620      00
 621              	.LASF9:
 622 01de 6C6F6E67 		.ascii	"long long unsigned int\000"
 622      206C6F6E 
 622      6720756E 
 622      7369676E 
 622      65642069 
 623              	.LASF43:
 624 01f5 44435244 		.ascii	"DCRDR\000"
 624      5200
 625              	.LASF17:
 626 01fb 4354524C 		.ascii	"CTRL\000"
 626      00
 627              	.LASF20:
 628 0200 45584343 		.ascii	"EXCCNT\000"
 628      4E5400
 629              	.LASF11:
 630 0207 696E7433 		.ascii	"int32_t\000"
 630      325F7400 
 631              	.LASF16:
 632 020f 73697A65 		.ascii	"sizetype\000"
 632      74797065 
 632      00
 633              	.LASF8:
 634 0218 6C6F6E67 		.ascii	"long long int\000"
 634      206C6F6E 
 634      6720696E 
 634      7400
ARM GAS  C:\Users\divya\AppData\Local\Temp\ccXrMkei.s 			page 14


 635              	.LASF15:
 636 0226 63686172 		.ascii	"char\000"
 636      00
 637              	.LASF40:
 638 022b 4457545F 		.ascii	"DWT_Type\000"
 638      54797065 
 638      00
 639              	.LASF44:
 640 0234 44454D43 		.ascii	"DEMCR\000"
 640      5200
 641              	.LASF48:
 642 023a 756E7469 		.ascii	"untitled01.c\000"
 642      746C6564 
 642      30312E63 
 642      00
 643              	.LASF12:
 644 0247 75696E74 		.ascii	"uint32_t\000"
 644      33325F74 
 644      00
 645              	.LASF4:
 646 0250 6C6F6E67 		.ascii	"long int\000"
 646      20696E74 
 646      00
 647              	.LASF46:
 648 0259 6C6F6E67 		.ascii	"long double\000"
 648      20646F75 
 648      626C6500 
 649              	.LASF0:
 650 0265 7369676E 		.ascii	"signed char\000"
 650      65642063 
 650      68617200 
 651              	.LASF28:
 652 0271 52455345 		.ascii	"RESERVED0\000"
 652      52564544 
 652      3000
 653              	.LASF27:
 654 027b 46554E43 		.ascii	"FUNCTION0\000"
 654      54494F4E 
 654      3000
 655              	.LASF31:
 656 0285 46554E43 		.ascii	"FUNCTION1\000"
 656      54494F4E 
 656      3100
 657              	.LASF35:
 658 028f 46554E43 		.ascii	"FUNCTION2\000"
 658      54494F4E 
 658      3200
 659              	.LASF39:
 660 0299 46554E43 		.ascii	"FUNCTION3\000"
 660      54494F4E 
 660      3300
 661              		.ident	"GCC: (GNU Tools for ARM Embedded Processors) 5.4.1 20160609 (release) [ARM/embedded-5-bran
